Start testing: Feb 13 16:23 GMT
----------------------------------------------------------
1/16 Testing: create_session_test
1/16 Test: create_session_test
Command: "/home/s1513031/eRPC/build/create_session_test"
Directory: /home/s1513031/eRPC
"create_session_test" start time: Feb 13 16:23 GMT
Output:
----------------------------------------------------------
[==========] Running 1 test from 1 test case.
[----------] Global test environment set-up.
[----------] 1 test from Base
[ RUN      ] Base.SimpleConnect
16:396477 WARNG: eRPC Nexus: Testing enabled. Perf will be low.
[          ] test: Using 1 sessions
16:429821 WARNG: Modded driver unavailable. Performance will be low.
[          ] Server 200: not connecting to other server threads.
16:453301 WARNG: Modded driver unavailable. Performance will be low.
[       OK ] Base.SimpleConnect (473 ms)
[----------] 1 test from Base (473 ms total)

[----------] Global test environment tear-down
[==========] 1 test from 1 test case ran. (474 ms total)
[  PASSED  ] 1 test.
<end of output>
Test time =   0.48 sec
----------------------------------------------------------
Test Passed.
"create_session_test" end time: Feb 13 16:23 GMT
"create_session_test" time elapsed: 00:00:00
----------------------------------------------------------

2/16 Testing: destroy_session_test
2/16 Test: destroy_session_test
Command: "/home/s1513031/eRPC/build/destroy_session_test"
Directory: /home/s1513031/eRPC
"destroy_session_test" start time: Feb 13 16:23 GMT
Output:
----------------------------------------------------------
[==========] Running 4 tests from 1 test case.
[----------] Global test environment set-up.
[----------] 4 tests from Base
[ RUN      ] Base.SimpleDisconnect
16:876170 WARNG: eRPC Nexus: Testing enabled. Perf will be low.
[          ] test: Using 1 sessions
16:888433 WARNG: Modded driver unavailable. Performance will be low.
[          ] Server 200: not connecting to other server threads.
16:911255 WARNG: Modded driver unavailable. Performance will be low.
16:921611 WARNG: Rpc 100, lsn 0: destroy_session() failed. Issue: Session connection in progress.
sm_handler: num_sm_resps = 1
sm_handler: num_sm_resps = 1
17:321641 WARNG: Rpc 100, lsn 0: destroy_session() failed. Issue: Session already destroyed.
17:321655 WARNG: Rpc 100, lsn 4294967295: destroy_session() failed. Issue: Invalid session number.
[       OK ] Base.SimpleDisconnect (650 ms)
[ RUN      ] Base.DisconnectMulti
17:528805 WARNG: eRPC Nexus: Testing enabled. Perf will be low.
[          ] test: Using 1 sessions
17:539791 WARNG: Modded driver unavailable. Performance will be low.
[          ] Server 200: not connecting to other server threads.
17:562549 WARNG: Modded driver unavailable. Performance will be low.
17:578627 WARNG: Rpc 100: create_session() failed. Issue: Ring buffers exhausted.
sm_handler: num_sm_resps = 1
sm_handler: num_sm_resps = 2
sm_handler: num_sm_resps = 3
sm_handler: num_sm_resps = 4
sm_handler: num_sm_resps = 5
sm_handler: num_sm_resps = 6
sm_handler: num_sm_resps = 7
sm_handler: num_sm_resps = 8
sm_handler: num_sm_resps = 9
sm_handler: num_sm_resps = 10
sm_handler: num_sm_resps = 11
sm_handler: num_sm_resps = 12
sm_handler: num_sm_resps = 13
sm_handler: num_sm_resps = 14
sm_handler: num_sm_resps = 15
sm_handler: num_sm_resps = 16
sm_handler: num_sm_resps = 17
sm_handler: num_sm_resps = 18
sm_handler: num_sm_resps = 19
sm_handler: num_sm_resps = 20
sm_handler: num_sm_resps = 21
sm_handler: num_sm_resps = 22
sm_handler: num_sm_resps = 23
sm_handler: num_sm_resps = 24
sm_handler: num_sm_resps = 25
sm_handler: num_sm_resps = 26
sm_handler: num_sm_resps = 27
sm_handler: num_sm_resps = 28
sm_handler: num_sm_resps = 29
sm_handler: num_sm_resps = 30
sm_handler: num_sm_resps = 31
sm_handler: num_sm_resps = 32
sm_handler: num_sm_resps = 33
sm_handler: num_sm_resps = 34
sm_handler: num_sm_resps = 35
sm_handler: num_sm_resps = 36
sm_handler: num_sm_resps = 37
sm_handler: num_sm_resps = 38
sm_handler: num_sm_resps = 39
sm_handler: num_sm_resps = 40
sm_handler: num_sm_resps = 41
sm_handler: num_sm_resps = 42
sm_handler: num_sm_resps = 43
sm_handler: num_sm_resps = 44
sm_handler: num_sm_resps = 45
sm_handler: num_sm_resps = 46
sm_handler: num_sm_resps = 47
sm_handler: num_sm_resps = 48
sm_handler: num_sm_resps = 49
sm_handler: num_sm_resps = 50
sm_handler: num_sm_resps = 51
sm_handler: num_sm_resps = 52
sm_handler: num_sm_resps = 53
sm_handler: num_sm_resps = 54
sm_handler: num_sm_resps = 55
sm_handler: num_sm_resps = 56
sm_handler: num_sm_resps = 57
sm_handler: num_sm_resps = 58
sm_handler: num_sm_resps = 59
sm_handler: num_sm_resps = 60
sm_handler: num_sm_resps = 61
sm_handler: num_sm_resps = 62
sm_handler: num_sm_resps = 63
sm_handler: num_sm_resps = 64
sm_handler: num_sm_resps = 65
sm_handler: num_sm_resps = 66
sm_handler: num_sm_resps = 67
sm_handler: num_sm_resps = 68
sm_handler: num_sm_resps = 69
sm_handler: num_sm_resps = 70
sm_handler: num_sm_resps = 71
sm_handler: num_sm_resps = 72
sm_handler: num_sm_resps = 73
sm_handler: num_sm_resps = 74
sm_handler: num_sm_resps = 75
sm_handler: num_sm_resps = 76
sm_handler: num_sm_resps = 77
sm_handler: num_sm_resps = 78
sm_handler: num_sm_resps = 79
sm_handler: num_sm_resps = 80
sm_handler: num_sm_resps = 81
sm_handler: num_sm_resps = 82
sm_handler: num_sm_resps = 83
sm_handler: num_sm_resps = 84
sm_handler: num_sm_resps = 85
sm_handler: num_sm_resps = 86
sm_handler: num_sm_resps = 87
sm_handler: num_sm_resps = 88
sm_handler: num_sm_resps = 89
sm_handler: num_sm_resps = 90
sm_handler: num_sm_resps = 91
sm_handler: num_sm_resps = 92
sm_handler: num_sm_resps = 93
sm_handler: num_sm_resps = 94
sm_handler: num_sm_resps = 95
sm_handler: num_sm_resps = 96
sm_handler: num_sm_resps = 97
sm_handler: num_sm_resps = 98
sm_handler: num_sm_resps = 99
sm_handler: num_sm_resps = 100
sm_handler: num_sm_resps = 101
sm_handler: num_sm_resps = 102
sm_handler: num_sm_resps = 103
sm_handler: num_sm_resps = 104
sm_handler: num_sm_resps = 105
sm_handler: num_sm_resps = 106
sm_handler: num_sm_resps = 107
sm_handler: num_sm_resps = 108
sm_handler: num_sm_resps = 109
sm_handler: num_sm_resps = 110
sm_handler: num_sm_resps = 111
sm_handler: num_sm_resps = 112
sm_handler: num_sm_resps = 113
sm_handler: num_sm_resps = 114
sm_handler: num_sm_resps = 115
sm_handler: num_sm_resps = 116
sm_handler: num_sm_resps = 117
sm_handler: num_sm_resps = 118
sm_handler: num_sm_resps = 119
sm_handler: num_sm_resps = 120
sm_handler: num_sm_resps = 121
sm_handler: num_sm_resps = 122
sm_handler: num_sm_resps = 123
sm_handler: num_sm_resps = 124
sm_handler: num_sm_resps = 125
sm_handler: num_sm_resps = 126
sm_handler: num_sm_resps = 127
sm_handler: num_sm_resps = 128
sm_handler: num_sm_resps = 1
sm_handler: num_sm_resps = 2
sm_handler: num_sm_resps = 3
sm_handler: num_sm_resps = 4
sm_handler: num_sm_resps = 5
sm_handler: num_sm_resps = 6
sm_handler: num_sm_resps = 7
sm_handler: num_sm_resps = 8
sm_handler: num_sm_resps = 9
sm_handler: num_sm_resps = 10
sm_handler: num_sm_resps = 11
sm_handler: num_sm_resps = 12
sm_handler: num_sm_resps = 13
sm_handler: num_sm_resps = 14
sm_handler: num_sm_resps = 15
sm_handler: num_sm_resps = 16
sm_handler: num_sm_resps = 17
sm_handler: num_sm_resps = 18
sm_handler: num_sm_resps = 19
sm_handler: num_sm_resps = 20
sm_handler: num_sm_resps = 21
sm_handler: num_sm_resps = 22
sm_handler: num_sm_resps = 23
sm_handler: num_sm_resps = 24
sm_handler: num_sm_resps = 25
sm_handler: num_sm_resps = 26
sm_handler: num_sm_resps = 27
sm_handler: num_sm_resps = 28
sm_handler: num_sm_resps = 29
sm_handler: num_sm_resps = 30
sm_handler: num_sm_resps = 31
sm_handler: num_sm_resps = 32
sm_handler: num_sm_resps = 33
sm_handler: num_sm_resps = 34
sm_handler: num_sm_resps = 35
sm_handler: num_sm_resps = 36
sm_handler: num_sm_resps = 37
sm_handler: num_sm_resps = 38
sm_handler: num_sm_resps = 39
sm_handler: num_sm_resps = 40
sm_handler: num_sm_resps = 41
sm_handler: num_sm_resps = 42
sm_handler: num_sm_resps = 43
sm_handler: num_sm_resps = 44
sm_handler: num_sm_resps = 45
sm_handler: num_sm_resps = 46
sm_handler: num_sm_resps = 47
sm_handler: num_sm_resps = 48
sm_handler: num_sm_resps = 49
sm_handler: num_sm_resps = 50
sm_handler: num_sm_resps = 51
sm_handler: num_sm_resps = 52
sm_handler: num_sm_resps = 53
sm_handler: num_sm_resps = 54
sm_handler: num_sm_resps = 55
sm_handler: num_sm_resps = 56
sm_handler: num_sm_resps = 57
sm_handler: num_sm_resps = 58
sm_handler: num_sm_resps = 59
sm_handler: num_sm_resps = 60
sm_handler: num_sm_resps = 61
sm_handler: num_sm_resps = 62
sm_handler: num_sm_resps = 63
sm_handler: num_sm_resps = 64
sm_handler: num_sm_resps = 65
sm_handler: num_sm_resps = 66
sm_handler: num_sm_resps = 67
sm_handler: num_sm_resps = 68
sm_handler: num_sm_resps = 69
sm_handler: num_sm_resps = 70
sm_handler: num_sm_resps = 71
sm_handler: num_sm_resps = 72
sm_handler: num_sm_resps = 73
sm_handler: num_sm_resps = 74
sm_handler: num_sm_resps = 75
sm_handler: num_sm_resps = 76
sm_handler: num_sm_resps = 77
sm_handler: num_sm_resps = 78
sm_handler: num_sm_resps = 79
sm_handler: num_sm_resps = 80
sm_handler: num_sm_resps = 81
sm_handler: num_sm_resps = 82
sm_handler: num_sm_resps = 83
sm_handler: num_sm_resps = 84
sm_handler: num_sm_resps = 85
sm_handler: num_sm_resps = 86
sm_handler: num_sm_resps = 87
sm_handler: num_sm_resps = 88
sm_handler: num_sm_resps = 89
sm_handler: num_sm_resps = 90
sm_handler: num_sm_resps = 91
sm_handler: num_sm_resps = 92
sm_handler: num_sm_resps = 93
sm_handler: num_sm_resps = 94
sm_handler: num_sm_resps = 95
sm_handler: num_sm_resps = 96
sm_handler: num_sm_resps = 97
sm_handler: num_sm_resps = 98
sm_handler: num_sm_resps = 99
sm_handler: num_sm_resps = 100
sm_handler: num_sm_resps = 101
sm_handler: num_sm_resps = 102
sm_handler: num_sm_resps = 103
sm_handler: num_sm_resps = 104
sm_handler: num_sm_resps = 105
sm_handler: num_sm_resps = 106
sm_handler: num_sm_resps = 107
sm_handler: num_sm_resps = 108
sm_handler: num_sm_resps = 109
sm_handler: num_sm_resps = 110
sm_handler: num_sm_resps = 111
sm_handler: num_sm_resps = 112
sm_handler: num_sm_resps = 113
sm_handler: num_sm_resps = 114
sm_handler: num_sm_resps = 115
sm_handler: num_sm_resps = 116
sm_handler: num_sm_resps = 117
sm_handler: num_sm_resps = 118
sm_handler: num_sm_resps = 119
sm_handler: num_sm_resps = 120
sm_handler: num_sm_resps = 121
sm_handler: num_sm_resps = 122
sm_handler: num_sm_resps = 123
sm_handler: num_sm_resps = 124
sm_handler: num_sm_resps = 125
sm_handler: num_sm_resps = 126
sm_handler: num_sm_resps = 127
sm_handler: num_sm_resps = 128
17:982670 WARNG: Rpc 100: create_session() failed. Issue: Ring buffers exhausted.
sm_handler: num_sm_resps = 1
sm_handler: num_sm_resps = 2
sm_handler: num_sm_resps = 3
sm_handler: num_sm_resps = 4
sm_handler: num_sm_resps = 5
sm_handler: num_sm_resps = 6
sm_handler: num_sm_resps = 7
sm_handler: num_sm_resps = 8
sm_handler: num_sm_resps = 9
sm_handler: num_sm_resps = 10
sm_handler: num_sm_resps = 11
sm_handler: num_sm_resps = 12
sm_handler: num_sm_resps = 13
sm_handler: num_sm_resps = 14
sm_handler: num_sm_resps = 15
sm_handler: num_sm_resps = 16
sm_handler: num_sm_resps = 17
sm_handler: num_sm_resps = 18
sm_handler: num_sm_resps = 19
sm_handler: num_sm_resps = 20
sm_handler: num_sm_resps = 21
sm_handler: num_sm_resps = 22
sm_handler: num_sm_resps = 23
sm_handler: num_sm_resps = 24
sm_handler: num_sm_resps = 25
sm_handler: num_sm_resps = 26
sm_handler: num_sm_resps = 27
sm_handler: num_sm_resps = 28
sm_handler: num_sm_resps = 29
sm_handler: num_sm_resps = 30
sm_handler: num_sm_resps = 31
sm_handler: num_sm_resps = 32
sm_handler: num_sm_resps = 33
sm_handler: num_sm_resps = 34
sm_handler: num_sm_resps = 35
sm_handler: num_sm_resps = 36
sm_handler: num_sm_resps = 37
sm_handler: num_sm_resps = 38
sm_handler: num_sm_resps = 39
sm_handler: num_sm_resps = 40
sm_handler: num_sm_resps = 41
sm_handler: num_sm_resps = 42
sm_handler: num_sm_resps = 43
sm_handler: num_sm_resps = 44
sm_handler: num_sm_resps = 45
sm_handler: num_sm_resps = 46
sm_handler: num_sm_resps = 47
sm_handler: num_sm_resps = 48
sm_handler: num_sm_resps = 49
sm_handler: num_sm_resps = 50
sm_handler: num_sm_resps = 51
sm_handler: num_sm_resps = 52
sm_handler: num_sm_resps = 53
sm_handler: num_sm_resps = 54
sm_handler: num_sm_resps = 55
sm_handler: num_sm_resps = 56
sm_handler: num_sm_resps = 57
sm_handler: num_sm_resps = 58
sm_handler: num_sm_resps = 59
sm_handler: num_sm_resps = 60
sm_handler: num_sm_resps = 61
sm_handler: num_sm_resps = 62
sm_handler: num_sm_resps = 63
sm_handler: num_sm_resps = 64
sm_handler: num_sm_resps = 65
sm_handler: num_sm_resps = 66
sm_handler: num_sm_resps = 67
sm_handler: num_sm_resps = 68
sm_handler: num_sm_resps = 69
sm_handler: num_sm_resps = 70
sm_handler: num_sm_resps = 71
sm_handler: num_sm_resps = 72
sm_handler: num_sm_resps = 73
sm_handler: num_sm_resps = 74
sm_handler: num_sm_resps = 75
sm_handler: num_sm_resps = 76
sm_handler: num_sm_resps = 77
sm_handler: num_sm_resps = 78
sm_handler: num_sm_resps = 79
sm_handler: num_sm_resps = 80
sm_handler: num_sm_resps = 81
sm_handler: num_sm_resps = 82
sm_handler: num_sm_resps = 83
sm_handler: num_sm_resps = 84
sm_handler: num_sm_resps = 85
sm_handler: num_sm_resps = 86
sm_handler: num_sm_resps = 87
sm_handler: num_sm_resps = 88
sm_handler: num_sm_resps = 89
sm_handler: num_sm_resps = 90
sm_handler: num_sm_resps = 91
sm_handler: num_sm_resps = 92
sm_handler: num_sm_resps = 93
sm_handler: num_sm_resps = 94
sm_handler: num_sm_resps = 95
sm_handler: num_sm_resps = 96
sm_handler: num_sm_resps = 97
sm_handler: num_sm_resps = 98
sm_handler: num_sm_resps = 99
sm_handler: num_sm_resps = 100
sm_handler: num_sm_resps = 101
sm_handler: num_sm_resps = 102
sm_handler: num_sm_resps = 103
sm_handler: num_sm_resps = 104
sm_handler: num_sm_resps = 105
sm_handler: num_sm_resps = 106
sm_handler: num_sm_resps = 107
sm_handler: num_sm_resps = 108
sm_handler: num_sm_resps = 109
sm_handler: num_sm_resps = 110
sm_handler: num_sm_resps = 111
sm_handler: num_sm_resps = 112
sm_handler: num_sm_resps = 113
sm_handler: num_sm_resps = 114
sm_handler: num_sm_resps = 115
sm_handler: num_sm_resps = 116
sm_handler: num_sm_resps = 117
sm_handler: num_sm_resps = 118
sm_handler: num_sm_resps = 119
sm_handler: num_sm_resps = 120
sm_handler: num_sm_resps = 121
sm_handler: num_sm_resps = 122
sm_handler: num_sm_resps = 123
sm_handler: num_sm_resps = 124
sm_handler: num_sm_resps = 125
sm_handler: num_sm_resps = 126
sm_handler: num_sm_resps = 127
sm_handler: num_sm_resps = 128
sm_handler: num_sm_resps = 1
sm_handler: num_sm_resps = 2
sm_handler: num_sm_resps = 3
sm_handler: num_sm_resps = 4
sm_handler: num_sm_resps = 5
sm_handler: num_sm_resps = 6
sm_handler: num_sm_resps = 7
sm_handler: num_sm_resps = 8
sm_handler: num_sm_resps = 9
sm_handler: num_sm_resps = 10
sm_handler: num_sm_resps = 11
sm_handler: num_sm_resps = 12
sm_handler: num_sm_resps = 13
sm_handler: num_sm_resps = 14
sm_handler: num_sm_resps = 15
sm_handler: num_sm_resps = 16
sm_handler: num_sm_resps = 17
sm_handler: num_sm_resps = 18
sm_handler: num_sm_resps = 19
sm_handler: num_sm_resps = 20
sm_handler: num_sm_resps = 21
sm_handler: num_sm_resps = 22
sm_handler: num_sm_resps = 23
sm_handler: num_sm_resps = 24
sm_handler: num_sm_resps = 25
sm_handler: num_sm_resps = 26
sm_handler: num_sm_resps = 27
sm_handler: num_sm_resps = 28
sm_handler: num_sm_resps = 29
sm_handler: num_sm_resps = 30
sm_handler: num_sm_resps = 31
sm_handler: num_sm_resps = 32
sm_handler: num_sm_resps = 33
sm_handler: num_sm_resps = 34
sm_handler: num_sm_resps = 35
sm_handler: num_sm_resps = 36
sm_handler: num_sm_resps = 37
sm_handler: num_sm_resps = 38
sm_handler: num_sm_resps = 39
sm_handler: num_sm_resps = 40
sm_handler: num_sm_resps = 41
sm_handler: num_sm_resps = 42
sm_handler: num_sm_resps = 43
sm_handler: num_sm_resps = 44
sm_handler: num_sm_resps = 45
sm_handler: num_sm_resps = 46
sm_handler: num_sm_resps = 47
sm_handler: num_sm_resps = 48
sm_handler: num_sm_resps = 49
sm_handler: num_sm_resps = 50
sm_handler: num_sm_resps = 51
sm_handler: num_sm_resps = 52
sm_handler: num_sm_resps = 53
sm_handler: num_sm_resps = 54
sm_handler: num_sm_resps = 55
sm_handler: num_sm_resps = 56
sm_handler: num_sm_resps = 57
sm_handler: num_sm_resps = 58
sm_handler: num_sm_resps = 59
sm_handler: num_sm_resps = 60
sm_handler: num_sm_resps = 61
sm_handler: num_sm_resps = 62
sm_handler: num_sm_resps = 63
sm_handler: num_sm_resps = 64
sm_handler: num_sm_resps = 65
sm_handler: num_sm_resps = 66
sm_handler: num_sm_resps = 67
sm_handler: num_sm_resps = 68
sm_handler: num_sm_resps = 69
sm_handler: num_sm_resps = 70
sm_handler: num_sm_resps = 71
sm_handler: num_sm_resps = 72
sm_handler: num_sm_resps = 73
sm_handler: num_sm_resps = 74
sm_handler: num_sm_resps = 75
sm_handler: num_sm_resps = 76
sm_handler: num_sm_resps = 77
sm_handler: num_sm_resps = 78
sm_handler: num_sm_resps = 79
sm_handler: num_sm_resps = 80
sm_handler: num_sm_resps = 81
sm_handler: num_sm_resps = 82
sm_handler: num_sm_resps = 83
sm_handler: num_sm_resps = 84
sm_handler: num_sm_resps = 85
sm_handler: num_sm_resps = 86
sm_handler: num_sm_resps = 87
sm_handler: num_sm_resps = 88
sm_handler: num_sm_resps = 89
sm_handler: num_sm_resps = 90
sm_handler: num_sm_resps = 91
sm_handler: num_sm_resps = 92
sm_handler: num_sm_resps = 93
sm_handler: num_sm_resps = 94
sm_handler: num_sm_resps = 95
sm_handler: num_sm_resps = 96
sm_handler: num_sm_resps = 97
sm_handler: num_sm_resps = 98
sm_handler: num_sm_resps = 99
sm_handler: num_sm_resps = 100
sm_handler: num_sm_resps = 101
sm_handler: num_sm_resps = 102
sm_handler: num_sm_resps = 103
sm_handler: num_sm_resps = 104
sm_handler: num_sm_resps = 105
sm_handler: num_sm_resps = 106
sm_handler: num_sm_resps = 107
sm_handler: num_sm_resps = 108
sm_handler: num_sm_resps = 109
sm_handler: num_sm_resps = 110
sm_handler: num_sm_resps = 111
sm_handler: num_sm_resps = 112
sm_handler: num_sm_resps = 113
sm_handler: num_sm_resps = 114
sm_handler: num_sm_resps = 115
sm_handler: num_sm_resps = 116
sm_handler: num_sm_resps = 117
sm_handler: num_sm_resps = 118
sm_handler: num_sm_resps = 119
sm_handler: num_sm_resps = 120
sm_handler: num_sm_resps = 121
sm_handler: num_sm_resps = 122
sm_handler: num_sm_resps = 123
sm_handler: num_sm_resps = 124
sm_handler: num_sm_resps = 125
sm_handler: num_sm_resps = 126
sm_handler: num_sm_resps = 127
sm_handler: num_sm_resps = 128
18:386230 WARNG: Rpc 100: create_session() failed. Issue: Ring buffers exhausted.
sm_handler: num_sm_resps = 1
sm_handler: num_sm_resps = 2
sm_handler: num_sm_resps = 3
sm_handler: num_sm_resps = 4
sm_handler: num_sm_resps = 5
sm_handler: num_sm_resps = 6
sm_handler: num_sm_resps = 7
sm_handler: num_sm_resps = 8
sm_handler: num_sm_resps = 9
sm_handler: num_sm_resps = 10
sm_handler: num_sm_resps = 11
sm_handler: num_sm_resps = 12
sm_handler: num_sm_resps = 13
sm_handler: num_sm_resps = 14
sm_handler: num_sm_resps = 15
sm_handler: num_sm_resps = 16
sm_handler: num_sm_resps = 17
sm_handler: num_sm_resps = 18
sm_handler: num_sm_resps = 19
sm_handler: num_sm_resps = 20
sm_handler: num_sm_resps = 21
sm_handler: num_sm_resps = 22
sm_handler: num_sm_resps = 23
sm_handler: num_sm_resps = 24
sm_handler: num_sm_resps = 25
sm_handler: num_sm_resps = 26
sm_handler: num_sm_resps = 27
sm_handler: num_sm_resps = 28
sm_handler: num_sm_resps = 29
sm_handler: num_sm_resps = 30
sm_handler: num_sm_resps = 31
sm_handler: num_sm_resps = 32
sm_handler: num_sm_resps = 33
sm_handler: num_sm_resps = 34
sm_handler: num_sm_resps = 35
sm_handler: num_sm_resps = 36
sm_handler: num_sm_resps = 37
sm_handler: num_sm_resps = 38
sm_handler: num_sm_resps = 39
sm_handler: num_sm_resps = 40
sm_handler: num_sm_resps = 41
sm_handler: num_sm_resps = 42
sm_handler: num_sm_resps = 43
sm_handler: num_sm_resps = 44
sm_handler: num_sm_resps = 45
sm_handler: num_sm_resps = 46
sm_handler: num_sm_resps = 47
sm_handler: num_sm_resps = 48
sm_handler: num_sm_resps = 49
sm_handler: num_sm_resps = 50
sm_handler: num_sm_resps = 51
sm_handler: num_sm_resps = 52
sm_handler: num_sm_resps = 53
sm_handler: num_sm_resps = 54
sm_handler: num_sm_resps = 55
sm_handler: num_sm_resps = 56
sm_handler: num_sm_resps = 57
sm_handler: num_sm_resps = 58
sm_handler: num_sm_resps = 59
sm_handler: num_sm_resps = 60
sm_handler: num_sm_resps = 61
sm_handler: num_sm_resps = 62
sm_handler: num_sm_resps = 63
sm_handler: num_sm_resps = 64
sm_handler: num_sm_resps = 65
sm_handler: num_sm_resps = 66
sm_handler: num_sm_resps = 67
sm_handler: num_sm_resps = 68
sm_handler: num_sm_resps = 69
sm_handler: num_sm_resps = 70
sm_handler: num_sm_resps = 71
sm_handler: num_sm_resps = 72
sm_handler: num_sm_resps = 73
sm_handler: num_sm_resps = 74
sm_handler: num_sm_resps = 75
sm_handler: num_sm_resps = 76
sm_handler: num_sm_resps = 77
sm_handler: num_sm_resps = 78
sm_handler: num_sm_resps = 79
sm_handler: num_sm_resps = 80
sm_handler: num_sm_resps = 81
sm_handler: num_sm_resps = 82
sm_handler: num_sm_resps = 83
sm_handler: num_sm_resps = 84
sm_handler: num_sm_resps = 85
sm_handler: num_sm_resps = 86
sm_handler: num_sm_resps = 87
sm_handler: num_sm_resps = 88
sm_handler: num_sm_resps = 89
sm_handler: num_sm_resps = 90
sm_handler: num_sm_resps = 91
sm_handler: num_sm_resps = 92
sm_handler: num_sm_resps = 93
sm_handler: num_sm_resps = 94
sm_handler: num_sm_resps = 95
sm_handler: num_sm_resps = 96
sm_handler: num_sm_resps = 97
sm_handler: num_sm_resps = 98
sm_handler: num_sm_resps = 99
sm_handler: num_sm_resps = 100
sm_handler: num_sm_resps = 101
sm_handler: num_sm_resps = 102
sm_handler: num_sm_resps = 103
sm_handler: num_sm_resps = 104
sm_handler: num_sm_resps = 105
sm_handler: num_sm_resps = 106
sm_handler: num_sm_resps = 107
sm_handler: num_sm_resps = 108
sm_handler: num_sm_resps = 109
sm_handler: num_sm_resps = 110
sm_handler: num_sm_resps = 111
sm_handler: num_sm_resps = 112
sm_handler: num_sm_resps = 113
sm_handler: num_sm_resps = 114
sm_handler: num_sm_resps = 115
sm_handler: num_sm_resps = 116
sm_handler: num_sm_resps = 117
sm_handler: num_sm_resps = 118
sm_handler: num_sm_resps = 119
sm_handler: num_sm_resps = 120
sm_handler: num_sm_resps = 121
sm_handler: num_sm_resps = 122
sm_handler: num_sm_resps = 123
sm_handler: num_sm_resps = 124
sm_handler: num_sm_resps = 125
sm_handler: num_sm_resps = 126
sm_handler: num_sm_resps = 127
sm_handler: num_sm_resps = 128
sm_handler: num_sm_resps = 1
sm_handler: num_sm_resps = 2
sm_handler: num_sm_resps = 3
sm_handler: num_sm_resps = 4
sm_handler: num_sm_resps = 5
sm_handler: num_sm_resps = 6
sm_handler: num_sm_resps = 7
sm_handler: num_sm_resps = 8
sm_handler: num_sm_resps = 9
sm_handler: num_sm_resps = 10
sm_handler: num_sm_resps = 11
sm_handler: num_sm_resps = 12
sm_handler: num_sm_resps = 13
sm_handler: num_sm_resps = 14
sm_handler: num_sm_resps = 15
sm_handler: num_sm_resps = 16
sm_handler: num_sm_resps = 17
sm_handler: num_sm_resps = 18
sm_handler: num_sm_resps = 19
sm_handler: num_sm_resps = 20
sm_handler: num_sm_resps = 21
sm_handler: num_sm_resps = 22
sm_handler: num_sm_resps = 23
sm_handler: num_sm_resps = 24
sm_handler: num_sm_resps = 25
sm_handler: num_sm_resps = 26
sm_handler: num_sm_resps = 27
sm_handler: num_sm_resps = 28
sm_handler: num_sm_resps = 29
sm_handler: num_sm_resps = 30
sm_handler: num_sm_resps = 31
sm_handler: num_sm_resps = 32
sm_handler: num_sm_resps = 33
sm_handler: num_sm_resps = 34
sm_handler: num_sm_resps = 35
sm_handler: num_sm_resps = 36
sm_handler: num_sm_resps = 37
sm_handler: num_sm_resps = 38
sm_handler: num_sm_resps = 39
sm_handler: num_sm_resps = 40
sm_handler: num_sm_resps = 41
sm_handler: num_sm_resps = 42
sm_handler: num_sm_resps = 43
sm_handler: num_sm_resps = 44
sm_handler: num_sm_resps = 45
sm_handler: num_sm_resps = 46
sm_handler: num_sm_resps = 47
sm_handler: num_sm_resps = 48
sm_handler: num_sm_resps = 49
sm_handler: num_sm_resps = 50
sm_handler: num_sm_resps = 51
sm_handler: num_sm_resps = 52
sm_handler: num_sm_resps = 53
sm_handler: num_sm_resps = 54
sm_handler: num_sm_resps = 55
sm_handler: num_sm_resps = 56
sm_handler: num_sm_resps = 57
sm_handler: num_sm_resps = 58
sm_handler: num_sm_resps = 59
sm_handler: num_sm_resps = 60
sm_handler: num_sm_resps = 61
sm_handler: num_sm_resps = 62
sm_handler: num_sm_resps = 63
sm_handler: num_sm_resps = 64
sm_handler: num_sm_resps = 65
sm_handler: num_sm_resps = 66
sm_handler: num_sm_resps = 67
sm_handler: num_sm_resps = 68
sm_handler: num_sm_resps = 69
sm_handler: num_sm_resps = 70
sm_handler: num_sm_resps = 71
sm_handler: num_sm_resps = 72
sm_handler: num_sm_resps = 73
sm_handler: num_sm_resps = 74
sm_handler: num_sm_resps = 75
sm_handler: num_sm_resps = 76
sm_handler: num_sm_resps = 77
sm_handler: num_sm_resps = 78
sm_handler: num_sm_resps = 79
sm_handler: num_sm_resps = 80
sm_handler: num_sm_resps = 81
sm_handler: num_sm_resps = 82
sm_handler: num_sm_resps = 83
sm_handler: num_sm_resps = 84
sm_handler: num_sm_resps = 85
sm_handler: num_sm_resps = 86
sm_handler: num_sm_resps = 87
sm_handler: num_sm_resps = 88
sm_handler: num_sm_resps = 89
sm_handler: num_sm_resps = 90
sm_handler: num_sm_resps = 91
sm_handler: num_sm_resps = 92
sm_handler: num_sm_resps = 93
sm_handler: num_sm_resps = 94
sm_handler: num_sm_resps = 95
sm_handler: num_sm_resps = 96
sm_handler: num_sm_resps = 97
sm_handler: num_sm_resps = 98
sm_handler: num_sm_resps = 99
sm_handler: num_sm_resps = 100
sm_handler: num_sm_resps = 101
sm_handler: num_sm_resps = 102
sm_handler: num_sm_resps = 103
sm_handler: num_sm_resps = 104
sm_handler: num_sm_resps = 105
sm_handler: num_sm_resps = 106
sm_handler: num_sm_resps = 107
sm_handler: num_sm_resps = 108
sm_handler: num_sm_resps = 109
sm_handler: num_sm_resps = 110
sm_handler: num_sm_resps = 111
sm_handler: num_sm_resps = 112
sm_handler: num_sm_resps = 113
sm_handler: num_sm_resps = 114
sm_handler: num_sm_resps = 115
sm_handler: num_sm_resps = 116
sm_handler: num_sm_resps = 117
sm_handler: num_sm_resps = 118
sm_handler: num_sm_resps = 119
sm_handler: num_sm_resps = 120
sm_handler: num_sm_resps = 121
sm_handler: num_sm_resps = 122
sm_handler: num_sm_resps = 123
sm_handler: num_sm_resps = 124
sm_handler: num_sm_resps = 125
sm_handler: num_sm_resps = 126
sm_handler: num_sm_resps = 127
sm_handler: num_sm_resps = 128
[       OK ] Base.DisconnectMulti (1468 ms)
[ RUN      ] Base.DisconnectRemoteError
18:996691 WARNG: eRPC Nexus: Testing enabled. Perf will be low.
[          ] test: Using 1 sessions
19:025011 WARNG: Modded driver unavailable. Performance will be low.
[          ] Server 200: not connecting to other server threads.
19:048094 WARNG: Modded driver unavailable. Performance will be low.
19:058204 WARNG: Rpc 100: Received connect response from [H: localhost:31850, R: 201, S: XX] for session 0. Issue: Error [Invalid remote Rpc ID].
sm_handler: num_sm_resps = 1
[       OK ] Base.DisconnectRemoteError (492 ms)
[ RUN      ] Base.DisconnectLocalError
19:487818 WARNG: eRPC Nexus: Testing enabled. Perf will be low.
[          ] test: Using 1 sessions
19:498795 WARNG: Modded driver unavailable. Performance will be low.
[          ] Server 200: not connecting to other server threads.
19:521281 WARNG: Modded driver unavailable. Performance will be low.
19:531078 WARNG: Rpc 100: Received connect response from [H: localhost:31850, R: 200, S: 0] for session 0. Issue: Failed to resolve server routing info. Disconnecting.
sm_handler: num_sm_resps = 1
[       OK ] Base.DisconnectLocalError (664 ms)
[----------] 4 tests from Base (3274 ms total)

[----------] Global test environment tear-down
[==========] 4 tests from 1 test case ran. (3274 ms total)
[  PASSED  ] 4 tests.
<end of output>
Test time =   3.28 sec
----------------------------------------------------------
Test Passed.
"destroy_session_test" end time: Feb 13 16:23 GMT
"destroy_session_test" time elapsed: 00:00:03
----------------------------------------------------------

3/16 Testing: small_msg_test
3/16 Test: small_msg_test
Command: "/home/s1513031/eRPC/build/small_msg_test"
Directory: /home/s1513031/eRPC
"small_msg_test" start time: Feb 13 16:23 GMT
Output:
----------------------------------------------------------
[==========] Running 6 tests from 3 test cases.
[----------] Global test environment set-up.
[----------] 2 tests from OneSmallRpc
[ RUN      ] OneSmallRpc.Foreground
20:156493 WARNG: eRPC Nexus: Testing enabled. Perf will be low.
[          ] test: Using 1 sessions
20:168510 WARNG: Modded driver unavailable. Performance will be low.
[          ] Server 200: not connecting to other server threads.
20:191511 WARNG: Modded driver unavailable. Performance will be low.
[          ] Client: Iteration 0.
[          ] Client: Iteration 1.
[       OK ] OneSmallRpc.Foreground (1049 ms)
[ RUN      ] OneSmallRpc.Background
21:208917 WARNG: eRPC Nexus: Testing enabled. Perf will be low.
[          ] test: Using 1 sessions
21:237038 WARNG: Modded driver unavailable. Performance will be low.
[          ] Server 200: not connecting to other server threads.
21:259822 WARNG: Modded driver unavailable. Performance will be low.
[          ] Client: Iteration 0.
[          ] Client: Iteration 1.
[       OK ] OneSmallRpc.Background (1092 ms)
[----------] 2 tests from OneSmallRpc (2141 ms total)

[----------] 2 tests from MultiSmallRpcOneSession
[ RUN      ] MultiSmallRpcOneSession.Foreground
22:300845 WARNG: eRPC Nexus: Testing enabled. Perf will be low.
[          ] test: Using 1 sessions
22:329073 WARNG: Modded driver unavailable. Performance will be low.
[          ] Server 200: not connecting to other server threads.
22:351862 WARNG: Modded driver unavailable. Performance will be low.
[          ] Client: Iteration 0.
[          ] Client: Iteration 1.
[       OK ] MultiSmallRpcOneSession.Foreground (1092 ms)
[ RUN      ] MultiSmallRpcOneSession.Background
23:392930 WARNG: eRPC Nexus: Testing enabled. Perf will be low.
[          ] test: Using 1 sessions
23:424667 WARNG: Modded driver unavailable. Performance will be low.
[          ] Server 200: not connecting to other server threads.
23:446066 WARNG: Modded driver unavailable. Performance will be low.
[          ] Client: Iteration 0.
[          ] Client: Iteration 1.
[       OK ] MultiSmallRpcOneSession.Background (1072 ms)
[----------] 2 tests from MultiSmallRpcOneSession (2164 ms total)

[----------] 2 tests from MultiSmallRpcMultiSession
[ RUN      ] MultiSmallRpcMultiSession.Foreground
24:464744 WARNG: eRPC Nexus: Testing enabled. Perf will be low.
[          ] test: Using 4 sessions
24:493160 WARNG: Modded driver unavailable. Performance will be low.
24:493217 WARNG: Modded driver unavailable. Performance will be low.
24:493435 WARNG: Modded driver unavailable. Performance will be low.
24:493588 WARNG: Modded driver unavailable. Performance will be low.
[          ] Server 203: not connecting to other server threads.
[          ] Server 201: not connecting to other server threads.
[          ] Server 202: not connecting to other server threads.
[          ] Server 200: not connecting to other server threads.
24:544954 WARNG: Modded driver unavailable. Performance will be low.
[          ] Client: Iteration 0.
[          ] Client: Iteration 1.
[       OK ] MultiSmallRpcMultiSession.Foreground (1100 ms)
[ RUN      ] MultiSmallRpcMultiSession.Background
25:557415 WARNG: eRPC Nexus: Testing enabled. Perf will be low.
[          ] test: Using 4 sessions
25:569507 WARNG: Modded driver unavailable. Performance will be low.
25:588855 WARNG: Modded driver unavailable. Performance will be low.
25:588856 WARNG: Modded driver unavailable. Performance will be low.
25:588950 WARNG: Modded driver unavailable. Performance will be low.
[          ] Server 203: not connecting to other server threads.
[          ] [          ] Server 200: not connecting to other server threads.
Server 201: not connecting to other server threads.
[          ] Server 202: not connecting to other server threads.
25:627331 WARNG: Modded driver unavailable. Performance will be low.
[          ] Client: Iteration 0.
[          ] Client: Iteration 1.
[       OK ] MultiSmallRpcMultiSession.Background (1104 ms)
[----------] 2 tests from MultiSmallRpcMultiSession (2204 ms total)

[----------] Global test environment tear-down
[==========] 6 tests from 3 test cases ran. (6509 ms total)
[  PASSED  ] 6 tests.
<end of output>
Test time =   6.52 sec
----------------------------------------------------------
Test Passed.
"small_msg_test" end time: Feb 13 16:23 GMT
"small_msg_test" time elapsed: 00:00:06
----------------------------------------------------------

4/16 Testing: large_msg_test
4/16 Test: large_msg_test
Command: "/home/s1513031/eRPC/build/large_msg_test"
Directory: /home/s1513031/eRPC
"large_msg_test" start time: Feb 13 16:23 GMT
Output:
----------------------------------------------------------
[==========] Running 6 tests from 3 test cases.
[----------] Global test environment set-up.
[----------] 2 tests from OneLargeRpc
[ RUN      ] OneLargeRpc.Foreground
26:672597 WARNG: eRPC Nexus: Testing enabled. Perf will be low.
[          ] test: Using 1 sessions
26:704597 WARNG: Modded driver unavailable. Performance will be low.
[          ] Server 200: not connecting to other server threads.
26:724340 WARNG: Modded driver unavailable. Performance will be low.
[          ] Client: Iteration 0.
[          ] Server: Received request of length 7592. Rpc memory used = 57344 bytes (0.055 MB)
[          ] Client: Received response of length 7592.
[       OK ] OneLargeRpc.Foreground (873 ms)
[ RUN      ] OneLargeRpc.Background
27:548888 WARNG: eRPC Nexus: Testing enabled. Perf will be low.
[          ] test: Using 1 sessions
27:559899 WARNG: Modded driver unavailable. Performance will be low.
[          ] Server 200: not connecting to other server threads.
27:582582 WARNG: Modded driver unavailable. Performance will be low.
[          ] Client: Iteration 0.
[          ] Server: Received request of length 1644. Rpc memory used = 45056 bytes (0.043 MB)
[          ] Client: Received response of length 1644.
[       OK ] OneLargeRpc.Background (860 ms)
[----------] 2 tests from OneLargeRpc (1733 ms total)

[----------] 2 tests from MultiLargeRpcOneSession
[ RUN      ] MultiLargeRpcOneSession.Foreground
28:408821 WARNG: eRPC Nexus: Testing enabled. Perf will be low.
[          ] test: Using 1 sessions
28:419604 WARNG: Modded driver unavailable. Performance will be low.
[          ] Server 200: not connecting to other server threads.
28:441474 WARNG: Modded driver unavailable. Performance will be low.
[          ] Client: Iteration 0.
[          ] Server: Received request of length 1342. Rpc memory used = 43008 bytes (0.041 MB)
[          ] Server: Received request of length 1979. Rpc memory used = 45056 bytes (0.043 MB)
[          ] Server: Received request of length 120. Rpc memory used = 45312 bytes (0.043 MB)
[          ] Client: Received response of length 1342.
[          ] Client: Received response of length 1979.
[          ] Client: Received response of length 120.
[          ] Server: Received request of length 4305243. Rpc memory used = 16822528 bytes (16.043 MB)
[          ] Server: Received request of length 96. Rpc memory used = 8434048 bytes (8.043 MB)
[          ] Server: Received request of length 2821. Rpc memory used = 8438144 bytes (8.047 MB)
[          ] Server: Received request of length 1808. Rpc memory used = 8440192 bytes (8.049 MB)
[          ] Server: Received request of length 732. Rpc memory used = 8441216 bytes (8.050 MB)
[          ] Client: Received response of length 96.
[          ] Client: Received response of length 2821.
[          ] Client: Received response of length 1808.
[          ] Client: Received response of length 732.
[          ] Client: Received response of length 4305243.
[       OK ] MultiLargeRpcOneSession.Foreground (852 ms)
[ RUN      ] MultiLargeRpcOneSession.Background
29:260815 WARNG: eRPC Nexus: Testing enabled. Perf will be low.
[          ] test: Using 1 sessions
29:272004 WARNG: Modded driver unavailable. Performance will be low.
[          ] Server 200: not connecting to other server threads.
29:292070 WARNG: Modded driver unavailable. Performance will be low.
[          ] Client: Iteration 0.
[          ] Server: Received request of length 3702. Rpc memory used = 61440 bytes (0.059 MB)
[          ] Server: Received request of length 2559. Rpc memory used = 90112 bytes (0.086 MB)
[          ] Server: Received request of length 3028. Rpc memory used = 90112 bytes (0.086 MB)
[          ] Server: Received request of length 2149. Rpc memory used = 90112 bytes (0.086 MB)
[          ] Server: Received request of length 2118. Rpc memory used = 94208 bytes (0.090 MB)
[          ] Client: Received response of length 3702.
[          ] Server: Received request of length 15334. Rpc memory used = 110592 bytes (0.105 MB)
[          ] Server: Received request of length 1637. Rpc memory used = 108544 bytes (0.104 MB)
[          ] Server: Received request of length 1732. Rpc memory used = 86016 bytes (0.082 MB)
[          ] Client: Received response of length 2559.
[          ] Client: Received response of length 3028.
[          ] Client: Received response of length 2149.
[          ] Client: Received response of length 2118.
[          ] Client: Received response of length 1637.
[          ] Client: Received response of length 1732.
[          ] Client: Received response of length 15334.
[       OK ] MultiLargeRpcOneSession.Background (852 ms)
[----------] 2 tests from MultiLargeRpcOneSession (1704 ms total)

[----------] 2 tests from MultiLargeRpcMultiSession
[ RUN      ] MultiLargeRpcMultiSession.Foreground
30:111651 WARNG: eRPC Nexus: Testing enabled. Perf will be low.
[          ] test: Using 4 sessions
30:122689 WARNG: Modded driver unavailable. Performance will be low.
30:122719 WARNG: Modded driver unavailable. Performance will be low.
30:122722 WARNG: Modded driver unavailable. Performance will be low.
30:123088 WARNG: Modded driver unavailable. Performance will be low.
[          ] Server 203: not connecting to other server threads.
[          ] Server 202: not connecting to other server threads.
[          ] Server 201: not connecting to other server threads.
[          ] Server 200: not connecting to other server threads.
30:172136 WARNG: Modded driver unavailable. Performance will be low.
[          ] Client: Iteration 0.
[          ] Server: Received request of length 20069. Rpc memory used = 106496 bytes (0.102 MB)
[          ] Server: Received request of length 2335. Rpc memory used = 45056 bytes (0.043 MB)
[          ] Server: Received request of length 2286. Rpc memory used = 45056 bytes (0.043 MB)
[          ] Server: Received request of length 2343. Rpc memory used = 49152 bytes (0.047 MB)
[          ] [          ] Server: Received request of length 2158. Rpc memory used = 77824 bytes (0.074 MB)
Server: Received request of length 5302. Rpc memory used = 57344 bytes (0.055 MB)
[          ] Server: Received request of length 6182. Rpc memory used = 61440 bytes (0.059 MB)
[          ] Server: Received request of length 1355. Rpc memory used = 51200 bytes (0.049 MB)
[          ] [          ] Server: Received request of length 3124. Rpc memory used = 57344 bytes (0.055 MB)
[          ] Server: Received request of length 1917. Rpc memory used = 53248 bytes (0.051 MB)
Server: Received request of length 891. Rpc memory used = 78848 bytes (0.075 MB)
[          ] Server: Received request of length 1150. Rpc memory used = 59392 bytes (0.057 MB)
[          ] Server: Received request of length 12474. Rpc memory used = 86016 bytes (0.082 MB)
[          ] [          ] Server: Received request of length 609. Rpc memory used = 70656 bytes (0.067 MB)
Server: Received request of length 9718. Rpc memory used = 81920 bytes (0.078 MB)
[          ] [          ] Server: Received request of length 3540. Rpc memory used = 74752 bytes (0.071 MB)
Client: Received response of length 2158.
[          ] Server: Received request of length 1000. Rpc memory used = 75776 bytes (0.072 MB)
[          ] Client: Received response of length 891.
[          ] Client: Received response of length 2335.
[          ] Client: Received response of length 3124.
[          ] Client: Received response of length 1150.
[          ] Server: Received request of length 58. Rpc memory used = 2176128 bytes (2.075 MB)
[          ] Server: Received request of length 3101. Rpc memory used = 2180224 bytes (2.079 MB)
[          ] Server: Received request of length 2006. Rpc memory used = 2182272 bytes (2.081 MB)
[          ] Client: Received response of length 2286.
[          ] Client: Received response of length 2343.
[          ] Client: Received response of length 1355.
[          ] Client: Received response of length 1917.
[          ] Client: Received response of length 609.
[          ] Client: Received response of length 3540.
[          ] Client: Received response of length 1000.
[          ] Client: Received response of length 6182.
[          ] Client: Received response of length 20069.
[          ] Client: Received response of length 58.
[          ] Client: Received response of length 3101.
[          ] Client: Received response of length 2006.
[          ] Client: Received response of length 5302.
[          ] Client: Received response of length 9718.
[          ] Client: Received response of length 12474.
[          ] Server: Received request of length 1392455. Rpc memory used = 6376576 bytes (6.081 MB)
[          ] Server: Received request of length 1884927. Rpc memory used = 4253696 bytes (4.057 MB)
[          ] Server: Received request of length 3358. Rpc memory used = 2160640 bytes (2.061 MB)
[          ] Server: Received request of length 3358. Rpc memory used = 2164736 bytes (2.064 MB)
[          ] Server: Received request of length 3428. Rpc memory used = 2168832 bytes (2.068 MB)
[          ] Client: Received response of length 3358.
[          ] Client: Received response of length 3358.
[          ] Client: Received response of length 3428.
[          ] Client: Received response of length 1392455.
[          ] Client: Received response of length 1884927.
[          ] Server: Received request of length 1675557. Rpc memory used = 6376576 bytes (6.081 MB)
[          ] Client: Received response of length 1675557.
[          ] Server: Received request of length 1243526. Rpc memory used = 4259840 bytes (4.062 MB)
[          ] Server: Received request of length 921. Rpc memory used = 2171904 bytes (2.071 MB)
[          ] Server: Received request of length 1785. Rpc memory used = 2173952 bytes (2.073 MB)
[          ] Server: Received request of length 6788. Rpc memory used = 2206720 bytes (2.104 MB)
[          ] Client: Received response of length 921.
[          ] Client: Received response of length 1785.
[          ] Server: Received request of length 8102. Rpc memory used = 2206720 bytes (2.104 MB)
[          ] Server: Received request of length 15644. Rpc memory used = 2214912 bytes (2.112 MB)
[          ] Client: Received response of length 6788.
[          ] Client: Received response of length 8102.
[          ] Client: Received response of length 15644.
[          ] Client: Received response of length 1243526.
[          ] Client: Iteration 1.
[          ] Server: Received request of length 634. Rpc memory used = 2183296 bytes (2.082 MB)
[          ] Server: Received request of length 909. Rpc memory used = 102400 bytes (0.098 MB)
[          ] Server: Received request of length 6117. Rpc memory used = 102528 bytes (0.098 MB)
[          ] Server: Received request of length 1720. Rpc memory used = 61440 bytes (0.059 MB)
[          ] Server: Received request of length 21534. Rpc memory used = 151552 bytes (0.145 MB)
[          ] Server: Received request of length 138. Rpc memory used = 60672 bytes (0.058 MB)
[          ] Server: Received request of length 1206. Rpc memory used = 58624 bytes (0.056 MB)
[          ] Server: Received request of length 2789. Rpc memory used = 114688 bytes (0.109 MB)
[          ] Server: Received request of length 1365. Rpc memory used = 59648 bytes (0.057 MB)
[          ] Server: Received request of length 27355. Rpc memory used = 172032 bytes (0.164 MB)
[          ] Server: Received request of length 2210. Rpc memory used = 141312 bytes (0.135 MB)
[          ] Server: Received request of length 2272. Rpc memory used = 144384 bytes (0.138 MB)
[          ] Server: Received request of length 123. Rpc memory used = 128256 bytes (0.122 MB)
[          ] Client: Received response of length 1720.
[          ] Server: Received request of length 25185. Rpc memory used = 123136 bytes (0.117 MB)
[          ] Server: Received request of length 7611. Rpc memory used = 136448 bytes (0.130 MB)
[          ] Client: Received response of length 138.
[          ] Client: Received response of length 1206.
[          ] Client: Received response of length 1365.
[          ] Client: Received response of length 909.
[          ] Server: Received request of length 12. Rpc memory used = 4278592 bytes (4.080 MB)
[          ] Server: Received request of length 3331. Rpc memory used = 4278592 bytes (4.080 MB)
[          ] Client: Received response of length 12.
[          ] Client: Received response of length 3331.
[          ] Client: Received response of length 25185.
[          ] Client: Received response of length 2789.
[          ] Client: Received response of length 21534.
[          ] Client: Received response of length 2210.
[          ] Client: Received response of length 2272.
[          ] Client: Received response of length 123.
[          ] Client: Received response of length 27355.
[          ] Client: Received response of length 7611.
[          ] Client: Received response of length 634.
[          ] Client: Received response of length 6117.
[          ] Server: Received request of length 3762944. Rpc memory used = 8472896 bytes (8.080 MB)
[          ] Client: Received response of length 3762944.
[          ] Server: Received request of length 111. Rpc memory used = 8476928 bytes (8.084 MB)
[          ] Server: Received request of length 1792. Rpc memory used = 8478848 bytes (8.086 MB)
[          ] Server: Received request of length 919. Rpc memory used = 8447104 bytes (8.056 MB)
[          ] Client: Received response of length 919.
[          ] Client: Received response of length 111.
[          ] Client: Received response of length 1792.
[          ] Server: Received request of length 333. Rpc memory used = 8446592 bytes (8.055 MB)
[          ] Client: Received response of length 333.
[          ] Server: Received request of length 1801. Rpc memory used = 8444544 bytes (8.053 MB)
[          ] Client: Received response of length 1801.
[          ] Server: Received request of length 8308914. Rpc memory used = 16848896 bytes (16.068 MB)
[          ] Server: Received request of length 10041. Rpc memory used = 8488960 bytes (8.096 MB)
[          ] Server: Received request of length 12893. Rpc memory used = 8529920 bytes (8.135 MB)
[          ] Server: Received request of length 2222. Rpc memory used = 16896000 bytes (16.113 MB)
[          ] Client: Received response of length 2222.
[          ] Server: Received request of length 13773. Rpc memory used = 16924672 bytes (16.141 MB)
[          ] Server: Received request of length 283. Rpc memory used = 16904704 bytes (16.122 MB)
[          ] Client: Received response of length 283.
[          ] Server: Received request of length 22257. Rpc memory used = 16937472 bytes (16.153 MB)
[          ] Client: Received response of length 10041.
[          ] Client: Received response of length 12893.
[          ] Client: Received response of length 13773.
[          ] Client: Received response of length 22257.
[          ] Server: Received request of length 4604100. Rpc memory used = 25293312 bytes (24.122 MB)
[          ] Client: Received response of length 8308914.
[          ] Server: Received request of length 6608703. Rpc memory used = 16833152 bytes (16.053 MB)
[          ] Client: Received response of length 4604100.
[          ] Client: Received response of length 6608703.
[       OK ] MultiLargeRpcMultiSession.Foreground (1284 ms)
[ RUN      ] MultiLargeRpcMultiSession.Background
31:392220 WARNG: eRPC Nexus: Testing enabled. Perf will be low.
[          ] test: Using 4 sessions
31:421744 WARNG: Modded driver unavailable. Performance will be low.
31:421870 WARNG: Modded driver unavailable. Performance will be low.
31:421983 WARNG: Modded driver unavailable. Performance will be low.
31:421985 WARNG: Modded driver unavailable. Performance will be low.
[          ] Server 203: not connecting to other server threads.
[          ] Server 200: not connecting to other server threads.
[          ] Server 202: not connecting to other server threads.
[          ] Server 201: not connecting to other server threads.
31:471557 WARNG: Modded driver unavailable. Performance will be low.
[          ] Client: Iteration 0.
[          ] Server: Received request of length 4910. Rpc memory used = 82944 bytes (0.079 MB)
[          ] Server: Received request of length 603. Rpc memory used = 4302848 bytes (4.104 MB)
[          ] Server: Received request of length 12707. Rpc memory used = 4310016 bytes (4.110 MB)
[          ] Server: Received request of length 4639. Rpc memory used = 106624 bytes (0.102 MB)
[          ] Server: Received request of length 2388. Rpc memory used = 4297728 bytes (4.099 MB)
[          ] Server: Received request of length 55. Rpc memory used = 98560 bytes (0.094 MB)
[          ] Server: Received request of length 1498. Rpc memory used = 79360 bytes (0.076 MB)
[          ] Server: Received request of length 3801. Rpc memory used = 102528 bytes (0.098 MB)
[          ] Server: Received request of length 1576. Rpc memory used = 100480 bytes (0.096 MB)
[          ] Server: Received request of length 1219. Rpc memory used = 79360 bytes (0.076 MB)
[          ] Server: Received request of length 3628. Rpc memory used = 4297728 bytes (4.099 MB)
[          ] Server: Received request of length 14646. Rpc memory used = 93696 bytes (0.089 MB)
[          ] Server: Received request of length 434. Rpc memory used = 94208 bytes (0.090 MB)
[          ] Server: Received request of length 885. Rpc memory used = 95232 bytes (0.091 MB)
[          ] Client: Received response of length 603.
[          ] Server: Received request of length 1652. Rpc memory used = 97280 bytes (0.093 MB)
[          ] Server: Received request of length 21707. Rpc memory used = 131200 bytes (0.125 MB)
[          ] Server: Received request of length 1805. Rpc memory used = 100480 bytes (0.096 MB)
[          ] Client: Received response of length 2388.
[          ] Server: Received request of length 10414. Rpc memory used = 4310016 bytes (4.110 MB)
[          ] Server: Received request of length 3541. Rpc memory used = 81408 bytes (0.078 MB)
[          ] Client: Received response of length 55.
[          ] Client: Received response of length 1498.
[          ] Server: Received request of length 3561. Rpc memory used = 102528 bytes (0.098 MB)
[          ] Server: Received request of length 5971. Rpc memory used = 4301824 bytes (4.103 MB)
[          ] [          ] Server: Received request of length 5830. Rpc memory used = 85504 bytes (0.082 MB)
Client: Received response of length 3801.
[          ] Server: Received request of length 3072. Rpc memory used = 102528 bytes (0.098 MB)
[          ] Client: Received response of length 1576.
[          ] Client: Received response of length 1219.
[          ] Client: Received response of length 3628.
[          ] Client: Received response of length 434.
[          ] Client: Received response of length 885.
[          ] Client: Received response of length 4910.
[          ] Client: Received response of length 1652.
[          ] Client: Received response of length 1805.
[          ] Client: Received response of length 3541.
[          ] Client: Received response of length 3561.
[          ] Client: Received response of length 3072.
[          ] Client: Received response of length 4639.
[          ] Client: Received response of length 14646.
[          ] Client: Received response of length 21707.
[          ] Client: Received response of length 5830.
[          ] Client: Received response of length 5971.
[          ] Client: Received response of length 10414.
[          ] Client: Received response of length 12707.
[          ] Server: Received request of length 2493198. Rpc memory used = 8487936 bytes (8.095 MB)
[          ] Server: Received request of length 1027241. Rpc memory used = 2177024 bytes (2.076 MB)
[          ] Server: Received request of length 3612. Rpc memory used = 1132544 bytes (1.080 MB)
[          ] Server: Received request of length 2213. Rpc memory used = 1136640 bytes (1.084 MB)
[          ] Server: Received request of length 3266. Rpc memory used = 1132544 bytes (1.080 MB)
[          ] Server: Received request of length 1085. Rpc memory used = 1130496 bytes (1.078 MB)
[          ] Server: Received request of length 2608. Rpc memory used = 1132544 bytes (1.080 MB)
[          ] Server: Received request of length 2305. Rpc memory used = 1132544 bytes (1.080 MB)
[          ] Server: Received request of length 13183. Rpc memory used = 1148928 bytes (1.096 MB)
[          ] Client: Received response of length 3612.
[          ] Client: Received response of length 2213.
[          ] Client: Received response of length 3266.
[          ] Client: Received response of length 1085.
[          ] Client: Received response of length 2608.
[          ] Client: Received response of length 2305.
[          ] Client: Received response of length 13183.
[          ] Client: Received response of length 1027241.
[          ] Client: Received response of length 2493198.
[          ] Client: Iteration 1.
[          ] Server: Received request of length 534. Rpc memory used = 66048 bytes (0.063 MB)
[          ] Server: Received request of length 2852. Rpc memory used = 61568 bytes (0.059 MB)
[          ] Client: Received response of length 534.
[          ] Server: Received request of length 383. Rpc memory used = 61440 bytes (0.059 MB)
[          ] Server: Received request of length 1303. Rpc memory used = 61568 bytes (0.059 MB)
[          ] Server: Received request of length 2865. Rpc memory used = 114816 bytes (0.109 MB)
[          ] Server: Received request of length 1864. Rpc memory used = 61568 bytes (0.059 MB)
[          ] Client: Received response of length 2852.
[          ] Server: Received request of length 2552. Rpc memory used = 63616 bytes (0.061 MB)
[          ] Server: Received request of length 877. Rpc memory used = 61952 bytes (0.059 MB)
[          ] Server: Received request of length 4703. Rpc memory used = 118912 bytes (0.113 MB)
[          ] Server: Received request of length 1001. Rpc memory used = 60544 bytes (0.058 MB)
[          ] Client: Received response of length 383.
[          ] Server: Received request of length 2671. Rpc memory used = 65024 bytes (0.062 MB)
[          ] Client: Received response of length 1303.
[          ] Server: Received request of length 60. Rpc memory used = 59648 bytes (0.057 MB)
[          ] Server: Received request of length 603. Rpc memory used = 60544 bytes (0.058 MB)
[          ] Server: Received request of length 9559. Rpc memory used = 127104 bytes (0.121 MB)
[          ] Client: Received response of length 2865.
[          ] Server: Received request of length 2485. Rpc memory used = 63616 bytes (0.061 MB)
[          ] Server: Received request of length 2710. Rpc memory used = 61056 bytes (0.058 MB)
[          ] Client: Received response of length 1864.
[          ] Server: Received request of length 25095. Rpc memory used = 174208 bytes (0.166 MB)
[          ] [          ] Server: Received request of length 3654. Rpc memory used = 61056 bytes (0.058 MB)
Client: Received response of length 2552.
[          ] Server: Received request of length 63. Rpc memory used = 57088 bytes (0.054 MB)
[          ] Server: Received request of length 726. Rpc memory used = 57984 bytes (0.055 MB)
[          ] Client: Received response of length 877.
[          ] Client: Received response of length 1001.
[          ] Client: Received response of length 2671.
[          ] Client: Received response of length 60.
[          ] Client: Received response of length 603.
[          ] Client: Received response of length 2485.
[          ] Server: Received request of length 17181. Rpc memory used = 176192 bytes (0.168 MB)
[          ] Server: Received request of length 3233. Rpc memory used = 147520 bytes (0.141 MB)
[          ] Server: Received request of length 2720. Rpc memory used = 147520 bytes (0.141 MB)
[          ] Client: Received response of length 2710.
[          ] Server: Received request of length 33. Rpc memory used = 143488 bytes (0.137 MB)
[          ] Client: Received response of length 3654.
[          ] Client: Received response of length 63.
[          ] Client: Received response of length 726.
[          ] Client: Received response of length 4703.
[          ] Client: Received response of length 3233.
[          ] Client: Received response of length 2720.
[          ] Client: Received response of length 33.
[          ] Client: Received response of length 9559.
[          ] Client: Received response of length 25095.
[          ] Client: Received response of length 17181.
[          ] Server: Received request of length 850411. Rpc memory used = 12640256 bytes (12.055 MB)
[          ] Server: Received request of length 1798. Rpc memory used = 12642304 bytes (12.057 MB)
[          ] Server: Received request of length 3806. Rpc memory used = 11597824 bytes (11.061 MB)
[          ] Server: Received request of length 1724. Rpc memory used = 11599872 bytes (11.062 MB)
[          ] Server: Received request of length 2442. Rpc memory used = 11601920 bytes (11.064 MB)
[          ] Server: Received request of length 3335. Rpc memory used = 11601920 bytes (11.064 MB)
[          ] Client: Received response of length 1798.
[          ] Client: Received response of length 3806.
[          ] Client: Received response of length 1724.
[          ] Client: Received response of length 2442.
[          ] Client: Received response of length 3335.
[          ] Client: Received response of length 850411.
[          ] Server: Received request of length 1143054. Rpc memory used = 13688832 bytes (13.055 MB)
[          ] Client: Received response of length 1143054.
[          ] Server: Received request of length 6338495. Rpc memory used = 19980288 bytes (19.055 MB)
[          ] Client: Received response of length 6338495.
[       OK ] MultiLargeRpcMultiSession.Background (1308 ms)
[----------] 2 tests from MultiLargeRpcMultiSession (2592 ms total)

[----------] Global test environment tear-down
[==========] 6 tests from 3 test cases ran. (6029 ms total)
[  PASSED  ] 6 tests.

  YOU HAVE 2 DISABLED TESTS

<end of output>
Test time =   6.04 sec
----------------------------------------------------------
Test Passed.
"large_msg_test" end time: Feb 13 16:23 GMT
"large_msg_test" time elapsed: 00:00:06
----------------------------------------------------------

5/16 Testing: req_in_cont_func_test
5/16 Test: req_in_cont_func_test
Command: "/home/s1513031/eRPC/build/req_in_cont_func_test"
Directory: /home/s1513031/eRPC
"req_in_cont_func_test" start time: Feb 13 16:23 GMT
Output:
----------------------------------------------------------
[==========] Running 1 test from 1 test case.
[----------] Global test environment set-up.
[----------] 1 test from SendReqInContFunc
[ RUN      ] SendReqInContFunc.Foreground
32:707744 WARNG: eRPC Nexus: Testing enabled. Perf will be low.
[          ] test: Using 1 sessions
32:736998 WARNG: Modded driver unavailable. Performance will be low.
[          ] Server 200: not connecting to other server threads.
32:759569 WARNG: Modded driver unavailable. Performance will be low.
[          ] Client: Sending request 0 of size 1324
[          ] Client: Sending request 1 of size 5717
[          ] Client: Sending request 2 of size 1266
[          ] Client: Sending request 3 of size 16066
[          ] Client: Sending request 4 of size 3160
[          ] Client: Sending request 5 of size 3660
[          ] Client: Sending request 6 of size 17101
[          ] Client: Sending request 7 of size 1269
[          ] Server: Received request of length 1324. Rpc memory used = 43008 bytes (0.041 MB)
[          ] Server: Received request of length 5717. Rpc memory used = 59392 bytes (0.057 MB)
[          ] Server: Received request of length 1266. Rpc memory used = 53248 bytes (0.051 MB)
[          ] Server: Received request of length 16066. Rpc memory used = 86016 bytes (0.082 MB)
[          ] Server: Received request of length 3160. Rpc memory used = 73728 bytes (0.070 MB)
[          ] Server: Received request of length 3660. Rpc memory used = 77824 bytes (0.074 MB)
[          ] Server: Received request of length 17101. Rpc memory used = 143360 bytes (0.137 MB)
[          ] Client: Received response for req 0, length = 1324.
[          ] [          ] Client: Sending request 8 of size 932
Server: Received request of length 1269. Rpc memory used = 112640 bytes (0.107 MB)
[          ] Client: Received response for req 2, length = 1266.
[          ] Client: Sending request 9 of size 966
[          ] Client: Received response for req 4, length = 3160.
[          ] Client: Sending request 10 of size 1831
[          ] Client: Received response for req 5, length = 3660.
[          ] Client: Sending request 11 of size 5589283
[          ] Client: Received response for req 7, length = 1269.
[          ] Client: Sending request 12 of size 2452
[          ] Server: Received request of length 932. Rpc memory used = 111616 bytes (0.106 MB)
[          ] Server: Received request of length 966. Rpc memory used = 110592 bytes (0.105 MB)
[          ] Server: Received request of length 1831. Rpc memory used = 108544 bytes (0.104 MB)
[          ] Client: Received response for req 1, length = 5717.
[          ] Client: Sending request 13 of size 3472
[          ] Client: Received response for req 3, length = 16066.
[          ] Client: Sending request 14 of size 926
[          ] Client: Received response for req 8, length = 932.
[          ] Client: Sending request 15 of size 3920961
[          ] Server: Received request of length 2452. Rpc memory used = 8495104 bytes (8.102 MB)
[          ] Server: Received request of length 3472. Rpc memory used = 8491008 bytes (8.098 MB)
[          ] Server: Received request of length 926. Rpc memory used = 8475648 bytes (8.083 MB)
[          ] Client: Received response for req 9, length = 966.
[          ] Client: Sending request 16 of size 3393
[          ] Client: Received response for req 10, length = 1831.
[          ] Client: Sending request 17 of size 8341
[          ] Client: Received response for req 6, length = 17101.
[          ] Client: Sending request 18 of size 6851
[          ] Server: Received request of length 3393. Rpc memory used = 12672000 bytes (12.085 MB)
[          ] Client: Received response for req 12, length = 2452.
[          ] Client: Sending request 19 of size 2912
[          ] Client: Received response for req 13, length = 3472.
[          ] Client: Sending request 20 of size 18526
[          ] Client: Received response for req 14, length = 926.
[          ] Client: Sending request 21 of size 1771
[          ] Server: Received request of length 6851. Rpc memory used = 12669952 bytes (12.083 MB)
[          ] Client: Received response for req 16, length = 3393.
[          ] Client: Sending request 22 of size 1951
[          ] Server: Received request of length 2912. Rpc memory used = 12661760 bytes (12.075 MB)
[          ] Server: Received request of length 1771. Rpc memory used = 12691456 bytes (12.104 MB)
[          ] Client: Received response for req 19, length = 2912.
[          ] Client: Sending request 23 of size 469
[          ] Client: Received response for req 21, length = 1771.
[          ] [          ] Client: Sending request 24 of size 2214
[          ] Client: Received response for req 18, length = 6851.
[          ] Client: Sending request 25 of size 3285
Server: Received request of length 1951. Rpc memory used = 12689408 bytes (12.102 MB)
[          ] Client: Received response for req 22, length = 1951.
[          ] Client: Sending request 26 of size 3602
[          ] Server: Received request of length 469. Rpc memory used = 12685824 bytes (12.098 MB)
[          ] Server: Received request of length 2214. Rpc memory used = 12687872 bytes (12.100 MB)
[          ] [          ] Server: Received request of length 3285. Rpc memory used = 12683776 bytes (12.096 MB)
Client: Received response for req 23, length = 469.
[          ] Client: Sending request 27 of size 3635770
[          ] Client: Received response for req 24, length = 2214.
[          ] Client: Sending request 28 of size 3017
[          ] Client: Received response for req 25, length = 3285.
[          ] Client: Sending request 29 of size 10291
[          ] Server: Received request of length 3602. Rpc memory used = 12685824 bytes (12.098 MB)
[          ] Server: Received request of length 8341. Rpc memory used = 12702208 bytes (12.114 MB)
[          ] Client: Received response for req 26, length = 3602.
[          ] Client: Sending request 30 of size 1814
[          ] Client: Received response for req 17, length = 8341.
[          ] Client: Sending request 31 of size 1310
[          ] Server: Received request of length 3017. Rpc memory used = 16879616 bytes (16.098 MB)
[          ] Server: Received request of length 1814. Rpc memory used = 16889856 bytes (16.107 MB)
[          ] Server: Received request of length 1310. Rpc memory used = 16875520 bytes (16.094 MB)
[          ] Client: Received response for req 28, length = 3017.
[          ] Client: Sending request 32 of size 7178
[          ] Client: Received response for req 30, length = 1814.
[          ] Client: Sending request 33 of size 3519
[          ] Client: Received response for req 31, length = 1310.
[          ] Client: Sending request 34 of size 1762
[          ] Server: Received request of length 3519. Rpc memory used = 16881664 bytes (16.100 MB)
[          ] Client: Received response for req 33, length = 3519.
[          ] Client: Sending request 35 of size 17929
[          ] Server: Received request of length 1762. Rpc memory used = 16881664 bytes (16.100 MB)
[          ] Client: Received response for req 34, length = 1762.
[          ] Client: Sending request 36 of size 3703
[          ] Server: Received request of length 18526. Rpc memory used = 16914432 bytes (16.131 MB)
[          ] Server: Received request of length 7178. Rpc memory used = 16889856 bytes (16.107 MB)
[          ] Server: Received request of length 10291. Rpc memory used = 16898048 bytes (16.115 MB)
[          ] Client: Received response for req 32, length = 7178.
[          ] Client: Sending request 37 of size 1966
[          ] Client: Received response for req 29, length = 10291.
[          ] Client: Sending request 38 of size 5817
[          ] Client: Received response for req 20, length = 18526.
[          ] Client: Sending request 39 of size 2214
[          ] Server: Received request of length 3703. Rpc memory used = 16912384 bytes (16.129 MB)
[          ] Client: Received response for req 36, length = 3703.
[          ] Client: Sending request 40 of size 6011386
[          ] Server: Received request of length 1966. Rpc memory used = 16906240 bytes (16.123 MB)
[          ] Client: Received response for req 37, length = 1966.
[          ] Client: Sending request 41 of size 5168
[          ] Server: Received request of length 2214. Rpc memory used = 16869376 bytes (16.088 MB)
[          ] Client: Received response for req 39, length = 2214.
[          ] Client: Sending request 42 of size 1768
[          ] Server: Received request of length 5817. Rpc memory used = 25268224 bytes (24.098 MB)
[          ] Server: Received request of length 1768. Rpc memory used = 25257984 bytes (24.088 MB)
[          ] Client: Received response for req 42, length = 1768.
[          ] Client: Sending request 43 of size 164
[          ] Client: Received response for req 38, length = 5817.
[          ] Client: Sending request 44 of size 24943
[          ] Server: Received request of length 5168. Rpc memory used = 25266176 bytes (24.096 MB)
[          ] Server: Received request of length 164. Rpc memory used = 25256192 bytes (24.086 MB)
[          ] Client: Received response for req 43, length = 164.
[          ] Client: Sending request 45 of size 1788
[          ] Client: Received response for req 41, length = 5168.
[          ] Client: Sending request 46 of size 33963
[          ] Server: Received request of length 1788. Rpc memory used = 25282560 bytes (24.111 MB)
[          ] Client: Received response for req 45, length = 1788.
[          ] Client: Sending request 47 of size 1807
[          ] Server: Received request of length 17929. Rpc memory used = 25372672 bytes (24.197 MB)
[          ] Client: Received response for req 35, length = 17929.
[          ] Client: Sending request 48 of size 2119
[          ] Server: Received request of length 1807. Rpc memory used = 25339904 bytes (24.166 MB)
[          ] Client: Received response for req 47, length = 1807.
[          ] Client: Sending request 49 of size 2549
[          ] Server: Received request of length 2119. Rpc memory used = 25311232 bytes (24.139 MB)
[          ] Client: Received response for req 48, length = 2119.
[          ] Client: Sending request 50 of size 2234
[          ] Server: Received request of length 2549. Rpc memory used = 25313280 bytes (24.141 MB)
[          ] Client: Received response for req 49, length = 2549.
[          ] Client: Sending request 51 of size 1136
[          ] Server: Received request of length 2234. Rpc memory used = 25313280 bytes (24.141 MB)
[          ] Client: Received response for req 50, length = 2234.
[          ] Client: Sending request 52 of size 14895
[          ] Server: Received request of length 1136. Rpc memory used = 25311232 bytes (24.139 MB)
[          ] Client: Received response for req 51, length = 1136.
[          ] Client: Sending request 53 of size 1431
[          ] Server: Received request of length 1431. Rpc memory used = 25323520 bytes (24.150 MB)
[          ] Client: Received response for req 53, length = 1431.
[          ] Client: Sending request 54 of size 915
[          ] Server: Received request of length 915. Rpc memory used = 25322496 bytes (24.149 MB)
[          ] Client: Received response for req 54, length = 915.
[          ] Client: Sending request 55 of size 18136
[          ] Server: Received request of length 24943. Rpc memory used = 25355264 bytes (24.181 MB)
[          ] Client: Received response for req 44, length = 24943.
[          ] Client: Sending request 56 of size 15963
[          ] Server: Received request of length 14895. Rpc memory used = 25370624 bytes (24.195 MB)
[          ] Client: Received response for req 52, length = 14895.
[          ] Client: Sending request 57 of size 5128185
[          ] Server: Received request of length 33963. Rpc memory used = 25403392 bytes (24.227 MB)
[          ] Server: Received request of length 18136. Rpc memory used = 33742848 bytes (32.180 MB)
[          ] Client: Received response for req 46, length = 33963.
[          ] Client: Sending request 58 of size 3590
[          ] Client: Received response for req 55, length = 18136.
[          ] Client: Sending request 59 of size 1002
[          ] Server: Received request of length 15963. Rpc memory used = 33726464 bytes (32.164 MB)
[          ] Server: Received request of length 3590. Rpc memory used = 33648640 bytes (32.090 MB)
[          ] Client: Received response for req 58, length = 3590.
[          ] Client: Sending request 60 of size 2789
[          ] Server: Received request of length 1002. Rpc memory used = 33616896 bytes (32.060 MB)
[          ] Client: Received response for req 59, length = 1002.
[          ] Client: Sending request 61 of size 16148
[          ] Server: Received request of length 2789. Rpc memory used = 33616896 bytes (32.060 MB)
[          ] Client: Received response for req 60, length = 2789.
[          ] Client: Sending request 62 of size 283
[          ] Server: Received request of length 283. Rpc memory used = 33628672 bytes (32.071 MB)
[          ] Client: Received response for req 62, length = 283.
[          ] Client: Sending request 63 of size 11457
[          ] Client: Received response for req 56, length = 15963.
[          ] Client: Sending request 64 of size 3359
[          ] Server: Received request of length 3359. Rpc memory used = 33632256 bytes (32.074 MB)
[          ] Client: Received response for req 64, length = 3359.
[          ] Client: Sending request 65 of size 3797
[          ] Server: Received request of length 3797. Rpc memory used = 33632256 bytes (32.074 MB)
[          ] Client: Received response for req 65, length = 3797.
[          ] Client: Sending request 66 of size 1209
[          ] Server: Received request of length 11457. Rpc memory used = 33648640 bytes (32.090 MB)
[          ] Server: Received request of length 1209. Rpc memory used = 33630208 bytes (32.072 MB)
[          ] Client: Received response for req 66, length = 1209.
[          ] Client: Sending request 67 of size 1908
[          ] Server: Received request of length 16148. Rpc memory used = 33646592 bytes (32.088 MB)
[          ] Server: Received request of length 1908. Rpc memory used = 33630208 bytes (32.072 MB)
[          ] Client: Received response for req 63, length = 11457.
[          ] Client: Sending request 68 of size 6144575
[          ] Client: Received response for req 67, length = 1908.
[          ] Client: Sending request 69 of size 2959
[          ] Server: Received request of length 2959. Rpc memory used = 42004480 bytes (40.059 MB)
[          ] Client: Received response for req 69, length = 2959.
[          ] Client: Sending request 70 of size 2929766
[          ] Client: Received response for req 61, length = 16148.
[          ] Client: Sending request 71 of size 3762469
[          ] Server: Received request of length 5589283. Rpc memory used = 58761216 bytes (56.039 MB)
[          ] Server: Received request of length 2929766. Rpc memory used = 54566912 bytes (52.039 MB)
[          ] Client: Received response for req 11, length = 5589283.
[          ] Client: Sending request 72 of size 4247
[          ] Server: Received request of length 4247. Rpc memory used = 42000384 bytes (40.055 MB)
[          ] Client: Received response for req 72, length = 4247.
[          ] Client: Sending request 73 of size 3759
[          ] Client: Received response for req 70, length = 2929766.
[          ] Client: Sending request 74 of size 2361
[          ] Server: Received request of length 3759. Rpc memory used = 41988096 bytes (40.043 MB)
[          ] Client: Received response for req 73, length = 3759.
[          ] Client: Sending request 75 of size 1007
[          ] Server: Received request of length 2361. Rpc memory used = 37797888 bytes (36.047 MB)
[          ] Client: Received response for req 74, length = 2361.
[          ] Client: Sending request 76 of size 1927
[          ] Server: Received request of length 1007. Rpc memory used = 37794816 bytes (36.044 MB)
[          ] Client: Received response for req 75, length = 1007.
[          ] Client: Sending request 77 of size 4341
[          ] Server: Received request of length 1927. Rpc memory used = 37792768 bytes (36.042 MB)
[          ] Client: Received response for req 76, length = 1927.
[          ] Client: Sending request 78 of size 5305
[          ] Server: Received request of length 4341. Rpc memory used = 37814272 bytes (36.062 MB)
[          ] Client: Received response for req 77, length = 4341.
[          ] Client: Sending request 79 of size 2097
[          ] Server: Received request of length 5305. Rpc memory used = 37814272 bytes (36.062 MB)
[          ] Client: Received response for req 78, length = 5305.
[          ] Client: Sending request 80 of size 296
[          ] Server: Received request of length 2097. Rpc memory used = 37801984 bytes (36.051 MB)
[          ] Client: Received response for req 79, length = 2097.
[          ] Client: Sending request 81 of size 3641
[          ] Server: Received request of length 296. Rpc memory used = 37794304 bytes (36.043 MB)
[          ] Client: Received response for req 80, length = 296.
[          ] Client: Sending request 82 of size 6395
[          ] Server: Received request of length 3641. Rpc memory used = 37794304 bytes (36.043 MB)
[          ] Client: Received response for req 81, length = 3641.
[          ] Client: Sending request 83 of size 3607
[          ] Server: Received request of length 3607. Rpc memory used = 37801984 bytes (36.051 MB)
[          ] Client: Received response for req 83, length = 3607.
[          ] Client: Sending request 84 of size 2393
[          ] Server: Received request of length 6395. Rpc memory used = 37810176 bytes (36.059 MB)
[          ] Client: Received response for req 82, length = 6395.
[          ] Client: Sending request 85 of size 1518
[          ] Server: Received request of length 2393. Rpc memory used = 37801984 bytes (36.051 MB)
[          ] Client: Received response for req 84, length = 2393.
[          ] Client: Sending request 86 of size 6907409
[          ] Server: Received request of length 1518. Rpc memory used = 37795840 bytes (36.045 MB)
[          ] Client: Received response for req 85, length = 1518.
[          ] Client: Sending request 87 of size 1928
[          ] Server: Received request of length 1928. Rpc memory used = 46180352 bytes (44.041 MB)
[          ] Client: Received response for req 87, length = 1928.
[          ] Client: Sending request 88 of size 1864
[          ] Server: Received request of length 1864. Rpc memory used = 46180352 bytes (44.041 MB)
[          ] Client: Received response for req 88, length = 1864.
[          ] Client: Sending request 89 of size 17241
[          ] Server: Received request of length 17241. Rpc memory used = 46243840 bytes (44.102 MB)
[          ] Client: Received response for req 89, length = 17241.
[          ] Client: Sending request 90 of size 2931
[          ] Server: Received request of length 2931. Rpc memory used = 46182400 bytes (44.043 MB)
[          ] Client: Received response for req 90, length = 2931.
[          ] Client: Sending request 91 of size 5252
[          ] Server: Received request of length 5252. Rpc memory used = 46194688 bytes (44.055 MB)
[          ] Client: Received response for req 91, length = 5252.
[          ] Client: Sending request 92 of size 13395
[          ] Server: Received request of length 3920961. Rpc memory used = 50380800 bytes (48.047 MB)
[          ] Server: Received request of length 13395. Rpc memory used = 46211072 bytes (44.070 MB)
[          ] Client: Received response for req 92, length = 13395.
[          ] Client: Sending request 93 of size 734
[          ] Server: Received request of length 734. Rpc memory used = 46179328 bytes (44.040 MB)
[          ] Client: Received response for req 93, length = 734.
[          ] Client: Sending request 94 of size 3242
[          ] Server: Received request of length 3242. Rpc memory used = 46182400 bytes (44.043 MB)
[          ] Client: Received response for req 94, length = 3242.
[          ] Client: Sending request 95 of size 1293
[          ] Server: Received request of length 1293. Rpc memory used = 46180352 bytes (44.041 MB)
[          ] Client: Received response for req 95, length = 1293.
[          ] Client: Sending request 96 of size 3081
[          ] Server: Received request of length 3081. Rpc memory used = 46182400 bytes (44.043 MB)
[...]
[  PASSED  ] 4 tests.
<end of output>
Test time =  11.91 sec
----------------------------------------------------------
Test Passed.
"packet_loss_test" end time: Feb 13 16:24 GMT
"packet_loss_test" time elapsed: 00:00:11
----------------------------------------------------------

8/16 Testing: server_failure_test
8/16 Test: server_failure_test
Command: "/home/s1513031/eRPC/build/server_failure_test"
Directory: /home/s1513031/eRPC
"server_failure_test" start time: Feb 13 16:24 GMT
Output:
----------------------------------------------------------
[==========] Running 1 test from 1 test case.
[----------] Global test environment set-up.
[----------] 1 test from Base
[ RUN      ] Base.OneLargeRpc
52:372680 WARNG: eRPC Nexus: Testing enabled. Perf will be low.
[          ] test: Using 1 sessions
52:405021 WARNG: Modded driver unavailable. Performance will be low.
[          ] Server 200: not connecting to other server threads.
52:428208 WARNG: Modded driver unavailable. Performance will be low.
server_failure_test: /home/s1513031/eRPC/tests/client_tests/server_failure_test.cc:93: void generic_test_func(erpc::Nexus*, size_t): Assertion `c.num_rpc_resps == config_num_rpcs' failed.
<end of output>
Test time =   0.47 sec
----------------------------------------------------------
Test Failed.
"server_failure_test" end time: Feb 13 16:24 GMT
"server_failure_test" time elapsed: 00:00:00
----------------------------------------------------------

9/16 Testing: multi_process_test
9/16 Test: multi_process_test
Command: "/home/s1513031/eRPC/build/multi_process_test"
Directory: /home/s1513031/eRPC
"multi_process_test" start time: Feb 13 16:24 GMT
Output:
----------------------------------------------------------
[==========] Running 2 tests from 1 test case.
[----------] Global test environment set-up.
[----------] 2 tests from MultiProcessTest
[ RUN      ] MultiProcessTest.TwoProcesses
52:847496 WARNG: eRPC Nexus: Testing enabled. Perf will be low.
52:849331 WARNG: eRPC Nexus: Testing enabled. Perf will be low.
52:858138 WARNG: Modded driver unavailable. Performance will be low.
52:863273 WARNG: Modded driver unavailable. Performance will be low.
Process 0: All sessions connected
Process 1: All sessions connected
[       OK ] MultiProcessTest.TwoProcesses (460 ms)
[ RUN      ] MultiProcessTest.MaxProcesses
53:305257 WARNG: eRPC Nexus: Testing enabled. Perf will be low.
53:305636 WARNG: eRPC Nexus: Testing enabled. Perf will be low.
53:305709 WARNG: eRPC Nexus: Testing enabled. Perf will be low.
53:307078 WARNG: eRPC Nexus: Testing enabled. Perf will be low.
53:307599 WARNG: eRPC Nexus: Testing enabled. Perf will be low.
53:307791 WARNG: eRPC Nexus: Testing enabled. Perf will be low.
53:308268 WARNG: eRPC Nexus: Testing enabled. Perf will be low.
53:308722 WARNG: eRPC Nexus: Testing enabled. Perf will be low.
53:309109 WARNG: eRPC Nexus: Testing enabled. Perf will be low.
53:309125 WARNG: eRPC Nexus: Testing enabled. Perf will be low.
53:309334 WARNG: eRPC Nexus: Testing enabled. Perf will be low.
53:309335 WARNG: eRPC Nexus: Testing enabled. Perf will be low.
53:309548 WARNG: eRPC Nexus: Testing enabled. Perf will be low.
53:310034 WARNG: eRPC Nexus: Testing enabled. Perf will be low.
53:310508 WARNG: eRPC Nexus: Testing enabled. Perf will be low.
53:310765 WARNG: eRPC Nexus: Testing enabled. Perf will be low.
53:310767 WARNG: eRPC Nexus: Testing enabled. Perf will be low.
53:310768 WARNG: eRPC Nexus: Testing enabled. Perf will be low.
53:311126 WARNG: eRPC Nexus: Testing enabled. Perf will be low.
53:339379 WARNG: eRPC Nexus: Testing enabled. Perf will be low.
53:339387 WARNG: eRPC Nexus: Testing enabled. Perf will be low.
53:339388 WARNG: 53:339448 WARNG: 53:339453 WARNG: eRPC Nexus: Testing enabled. Perf will be low.
53:339463 WARNG: 53:339465 WARNG: eRPC Nexus: Testing enabled. Perf will be low.
53:339387 WARNG: eRPC Nexus: Testing enabled. Perf will be low.
eRPC Nexus: Testing enabled. Perf will be low.
53:339475 WARNG: eRPC Nexus: Testing enabled. Perf will be low.
eRPC Nexus: Testing enabled. Perf will be low.
53:339455 WARNG: eRPC Nexus: Testing enabled. Perf will be low.
53:339455 WARNG: eRPC Nexus: Testing enabled. Perf will be low.
eRPC Nexus: Testing enabled. Perf will be low.
53:339449 WARNG: eRPC Nexus: Testing enabled. Perf will be low.
53:339455 WARNG: eRPC Nexus: Testing enabled. Perf will be low.
53:343981 WARNG: Modded driver unavailable. Performance will be low.
53:344424 WARNG: Modded driver unavailable. Performance will be low.
53:351782 WARNG: Modded driver unavailable. Performance will be low.
53:369346 WARNG: Modded driver unavailable. Performance will be low.
53:369851 WARNG: Modded driver unavailable. Performance will be low.
53:370256 WARNG: Modded driver unavailable. Performance will be low.
53:390134 WARNG: Modded driver unavailable. Performance will be low.
53:390343 WARNG: Modded driver unavailable. Performance will be low.
53:390378 WARNG: Modded driver unavailable. Performance will be low.
53:390438 WARNG: Modded driver unavailable. Performance will be low.
53:390494 WARNG: Modded driver unavailable. Performance will be low.
53:414953 WARNG: Modded driver unavailable. Performance will be low.
53:415123 WARNG: Modded driver unavailable. Performance will be low.
53:415528 WARNG: Modded driver unavailable. Performance will be low.
53:415712 WARNG: Modded driver unavailable. Performance will be low.
53:415849 WARNG: Modded driver unavailable. Performance will be low.
53:416052 WARNG: Modded driver unavailable. Performance will be low.
53:416180 WARNG: Modded driver unavailable. Performance will be low.
53:424769 WARNG: Modded driver unavailable. Performance will be low.
53:452189 WARNG: Modded driver unavailable. Performance will be low.
53:475964 WARNG: Modded driver unavailable. Performance will be low.
53:480042 WARNG: Modded driver unavailable. Performance will be low.
53:492515 WARNG: Modded driver unavailable. Performance will be low.
53:496371 WARNG: Modded driver unavailable. Performance will be low.
53:496476 WARNG: Modded driver unavailable. Performance will be low.
53:501150 WARNG: Modded driver unavailable. Performance will be low.
53:522064 WARNG: Modded driver unavailable. Performance will be low.
53:522852 WARNG: Modded driver unavailable. Performance will be low.
53:522852 WARNG: Modded driver unavailable. Performance will be low.
53:531130 WARNG: Modded driver unavailable. Performance will be low.
53:539620 WARNG: Modded driver unavailable. Performance will be low.
53:566813 WARNG: Modded driver unavailable. Performance will be low.
Process 6: All sessions connected
Process 24: All sessions connected
Process 9: All sessions connected
Process 31: All sessions connected
Process 23: All sessions connected
Process 17: All sessions connected
Process 21: All sessions connected
Process 13: All sessions connected
Process 26: All sessions connected
Process 28: All sessions connected
Process 12: All sessions connected
Process 8: All sessions connected
Process 10: All sessions connected
Process 16: All sessions connected
Process 1: All sessions connected
Process 19: All sessions connected
Process 27: All sessions connected
Process 25: All sessions connected
Process 7: All sessions connected
Process 3: All sessions connected
Process 20: All sessions connected
Process 18: All sessions connected
Process 4: All sessions connected
Process 30: All sessions connected
Process 2: All sessions connected
Process 22: All sessions connected
Process 14: All sessions connected
Process 0: All sessions connected
Process 29: All sessions connected
Process 11: All sessions connected
Process 15: All sessions connected
Process 5: All sessions connected
[       OK ] MultiProcessTest.MaxProcesses (808 ms)
[----------] 2 tests from MultiProcessTest (1268 ms total)

[----------] Global test environment tear-down
[==========] 2 tests from 1 test case ran. (1268 ms total)
[  PASSED  ] 2 tests.
<end of output>
Test time =   1.28 sec
----------------------------------------------------------
Test Passed.
"multi_process_test" end time: Feb 13 16:24 GMT
"multi_process_test" time elapsed: 00:00:01
----------------------------------------------------------

10/16 Testing: rpc_sm_test
10/16 Test: rpc_sm_test
Command: "/home/s1513031/eRPC/build/rpc_sm_test"
Directory: /home/s1513031/eRPC
"rpc_sm_test" start time: Feb 13 16:24 GMT
Output:
----------------------------------------------------------
[==========] Running 8 tests from 1 test case.
[----------] Global test environment set-up.
[----------] 8 tests from RpcSmTest
[ RUN      ] RpcSmTest.handle_connect_req_st_reordering
54:123381 WARNG: eRPC Nexus: Testing enabled. Perf will be low.
54:134389 WARNG: Modded driver unavailable. Performance will be low.
[       OK ] RpcSmTest.handle_connect_req_st_reordering (49 ms)
[ RUN      ] RpcSmTest.handle_connect_req_st_errors
54:173300 WARNG: eRPC Nexus: Testing enabled. Perf will be low.
54:182594 WARNG: Modded driver unavailable. Performance will be low.
54:194163 WARNG: Rpc 0: Received connect request from [H: localhost:31850, R: 1, S: 1]. Issue: Invalid transport [Invalid]. Sending response.
54:194535 WARNG: Rpc 0: Received connect request from [H: localhost:31850, R: 1, S: 1]. Issue: Ring buffers exhausted. Sending response.
54:194572 WARNG: Rpc 0: Received connect request from [H: localhost:31850, R: 1, S: 1]. Issue: Ring buffers exhausted. Sending response.
54:194598 WARNG: Rpc 0: Received connect request from [H: localhost:31850, R: 1, S: 1]. Issue: Unable to resolve routing info [LID: 10, QPN: 6878, GID interface ID 0, GID subnet prefix 0]. Sending response.
54:206515 WARNG: eRPC HugeAlloc: Insufficient hugepages. Can't reserve 16 MB.
54:208938 WARNG: eRPC HugeAlloc: Insufficient hugepages. Can't reserve 32 MB.
54:208957 WARNG: eRPC HugeAlloc: Insufficient hugepages. Can't reserve 32 MB.
54:208960 WARNG: Rpc 0: Received connect request from [H: localhost:31850, R: 1, S: 1]. Issue: Failed to allocate prealloc MsgBuffer.
[       OK ] RpcSmTest.handle_connect_req_st_errors (66 ms)
[ RUN      ] RpcSmTest.handle_connect_resp_st_reordering
54:236110 WARNG: eRPC Nexus: Testing enabled. Perf will be low.
54:246630 WARNG: Modded driver unavailable. Performance will be low.
[       OK ] RpcSmTest.handle_connect_resp_st_reordering (43 ms)
[ RUN      ] RpcSmTest.handle_connect_resp_st_resolve_error
54:279684 WARNG: eRPC Nexus: Testing enabled. Perf will be low.
54:289549 WARNG: Modded driver unavailable. Performance will be low.
54:300736 WARNG: Rpc 0: Received connect response from [H: localhost:31850, R: 1, S: 1] for session 0. Issue: Failed to resolve server routing info. Disconnecting.
[       OK ] RpcSmTest.handle_connect_resp_st_resolve_error (44 ms)
[ RUN      ] RpcSmTest.handle_connect_resp_st_response_error
54:325442 WARNG: eRPC Nexus: Testing enabled. Perf will be low.
54:335056 WARNG: Modded driver unavailable. Performance will be low.
54:346591 WARNG: Rpc 0: Received connect response from [H: localhost:31850, R: 1, S: 1] for session 0. Issue: Error [Ring buffers exhausted].
[       OK ] RpcSmTest.handle_connect_resp_st_response_error (45 ms)
[ RUN      ] RpcSmTest.handle_disconnect_req_st
54:371879 WARNG: eRPC Nexus: Testing enabled. Perf will be low.
54:381319 WARNG: Modded driver unavailable. Performance will be low.
[       OK ] RpcSmTest.handle_disconnect_req_st (47 ms)
[ RUN      ] RpcSmTest.handle_disconnect_resp_st
54:417781 WARNG: eRPC Nexus: Testing enabled. Perf will be low.
54:427043 WARNG: Modded driver unavailable. Performance will be low.
[       OK ] RpcSmTest.handle_disconnect_resp_st (45 ms)
[ RUN      ] RpcSmTest.create_session_st
54:462679 WARNG: eRPC Nexus: Testing enabled. Perf will be low.
54:472231 WARNG: Modded driver unavailable. Performance will be low.
54:484184 WARNG: Rpc 0: create_session() failed. Issue: Remote Rpc is same as local.
[       OK ] RpcSmTest.create_session_st (46 ms)
[----------] 8 tests from RpcSmTest (386 ms total)

[----------] Global test environment tear-down
[==========] 8 tests from 1 test case ran. (386 ms total)
[  PASSED  ] 8 tests.
<end of output>
Test time =   0.39 sec
----------------------------------------------------------
Test Passed.
"rpc_sm_test" end time: Feb 13 16:24 GMT
"rpc_sm_test" time elapsed: 00:00:00
----------------------------------------------------------

11/16 Testing: rpc_list_test
11/16 Test: rpc_list_test
Command: "/home/s1513031/eRPC/build/rpc_list_test"
Directory: /home/s1513031/eRPC
"rpc_list_test" start time: Feb 13 16:24 GMT
Output:
----------------------------------------------------------
[==========] Running 1 test from 1 test case.
[----------] Global test environment set-up.
[----------] 1 test from RpcTest
[ RUN      ] RpcTest.rpc_list_test
54:515047 WARNG: eRPC Nexus: Testing enabled. Perf will be low.
54:527008 WARNG: Modded driver unavailable. Performance will be low.
[       OK ] RpcTest.rpc_list_test (49 ms)
[----------] 1 test from RpcTest (49 ms total)

[----------] Global test environment tear-down
[==========] 1 test from 1 test case ran. (49 ms total)
[  PASSED  ] 1 test.
<end of output>
Test time =   0.05 sec
----------------------------------------------------------
Test Passed.
"rpc_list_test" end time: Feb 13 16:24 GMT
"rpc_list_test" time elapsed: 00:00:00
----------------------------------------------------------

12/16 Testing: rpc_req_test
12/16 Test: rpc_req_test
Command: "/home/s1513031/eRPC/build/rpc_req_test"
Directory: /home/s1513031/eRPC
"rpc_req_test" start time: Feb 13 16:24 GMT
Output:
----------------------------------------------------------
[==========] Running 2 tests from 1 test case.
[----------] Global test environment set-up.
[----------] 2 tests from RpcTest
[ RUN      ] RpcTest.process_small_req_st
54:570864 WARNG: eRPC Nexus: Testing enabled. Perf will be low.
54:582323 WARNG: Modded driver unavailable. Performance will be low.
[       OK ] RpcTest.process_small_req_st (49 ms)
[ RUN      ] RpcTest.process_large_req_one_st
54:619617 WARNG: eRPC Nexus: Testing enabled. Perf will be low.
54:629442 WARNG: Modded driver unavailable. Performance will be low.
[       OK ] RpcTest.process_large_req_one_st (46 ms)
[----------] 2 tests from RpcTest (95 ms total)

[----------] Global test environment tear-down
[==========] 2 tests from 1 test case ran. (95 ms total)
[  PASSED  ] 2 tests.
<end of output>
Test time =   0.10 sec
----------------------------------------------------------
Test Passed.
"rpc_req_test" end time: Feb 13 16:24 GMT
"rpc_req_test" time elapsed: 00:00:00
----------------------------------------------------------

13/16 Testing: rpc_resp_test
13/16 Test: rpc_resp_test
Command: "/home/s1513031/eRPC/build/rpc_resp_test"
Directory: /home/s1513031/eRPC
"rpc_resp_test" start time: Feb 13 16:24 GMT
Output:
----------------------------------------------------------
[==========] Running 2 tests from 1 test case.
[----------] Global test environment set-up.
[----------] 2 tests from RpcTest
[ RUN      ] RpcTest.process_resp_one_SMALL_st
54:671791 WARNG: eRPC Nexus: Testing enabled. Perf will be low.
54:683155 WARNG: Modded driver unavailable. Performance will be low.
[       OK ] RpcTest.process_resp_one_SMALL_st (49 ms)
[ RUN      ] RpcTest.process_resp_one_LARGE_st
54:719969 WARNG: eRPC Nexus: Testing enabled. Perf will be low.
54:729429 WARNG: Modded driver unavailable. Performance will be low.
[       OK ] RpcTest.process_resp_one_LARGE_st (45 ms)
[----------] 2 tests from RpcTest (94 ms total)

[----------] Global test environment tear-down
[==========] 2 tests from 1 test case ran. (94 ms total)
[  PASSED  ] 2 tests.
<end of output>
Test time =   0.10 sec
----------------------------------------------------------
Test Passed.
"rpc_resp_test" end time: Feb 13 16:24 GMT
"rpc_resp_test" time elapsed: 00:00:00
----------------------------------------------------------

14/16 Testing: rpc_cr_test
14/16 Test: rpc_cr_test
Command: "/home/s1513031/eRPC/build/rpc_cr_test"
Directory: /home/s1513031/eRPC
"rpc_cr_test" start time: Feb 13 16:24 GMT
Output:
----------------------------------------------------------
[==========] Running 1 test from 1 test case.
[----------] Global test environment set-up.
[----------] 1 test from RpcTest
[ RUN      ] RpcTest.process_expl_cr_st
54:771949 WARNG: eRPC Nexus: Testing enabled. Perf will be low.
54:783445 WARNG: Modded driver unavailable. Performance will be low.
[       OK ] RpcTest.process_expl_cr_st (48 ms)
[----------] 1 test from RpcTest (48 ms total)

[----------] Global test environment tear-down
[==========] 1 test from 1 test case ran. (49 ms total)
[  PASSED  ] 1 test.
<end of output>
Test time =   0.05 sec
----------------------------------------------------------
Test Passed.
"rpc_cr_test" end time: Feb 13 16:24 GMT
"rpc_cr_test" time elapsed: 00:00:00
----------------------------------------------------------

15/16 Testing: rpc_rfr_test
15/16 Test: rpc_rfr_test
Command: "/home/s1513031/eRPC/build/rpc_rfr_test"
Directory: /home/s1513031/eRPC
"rpc_rfr_test" start time: Feb 13 16:24 GMT
Output:
----------------------------------------------------------
[==========] Running 1 test from 1 test case.
[----------] Global test environment set-up.
[----------] 1 test from RpcTest
[ RUN      ] RpcTest.process_rfr_st
54:827129 WARNG: eRPC Nexus: Testing enabled. Perf will be low.
54:838610 WARNG: Modded driver unavailable. Performance will be low.
[       OK ] RpcTest.process_rfr_st (50 ms)
[----------] 1 test from RpcTest (50 ms total)

[----------] Global test environment tear-down
[==========] 1 test from 1 test case ran. (50 ms total)
[  PASSED  ] 1 test.
<end of output>
Test time =   0.06 sec
----------------------------------------------------------
Test Passed.
"rpc_rfr_test" end time: Feb 13 16:24 GMT
"rpc_rfr_test" time elapsed: 00:00:00
----------------------------------------------------------

16/16 Testing: rpc_kick_test
16/16 Test: rpc_kick_test
Command: "/home/s1513031/eRPC/build/rpc_kick_test"
Directory: /home/s1513031/eRPC
"rpc_kick_test" start time: Feb 13 16:24 GMT
Output:
----------------------------------------------------------
[==========] Running 5 tests from 1 test case.
[----------] Global test environment set-up.
[----------] 5 tests from RpcClientKickTest
[ RUN      ] RpcClientKickTest.kick_st_no_credits
54:880224 WARNG: eRPC Nexus: Testing enabled. Perf will be low.
54:891430 WARNG: Modded driver unavailable. Performance will be low.
[       OK ] RpcClientKickTest.kick_st_no_credits (217 ms)
[ RUN      ] RpcClientKickTest.kick_st_all_request_no_response
55:099732 WARNG: eRPC Nexus: Testing enabled. Perf will be low.
55:109474 WARNG: Modded driver unavailable. Performance will be low.
[       OK ] RpcClientKickTest.kick_st_all_request_no_response (215 ms)
[ RUN      ] RpcClientKickTest.kick_st_full_response
55:312564 WARNG: eRPC Nexus: Testing enabled. Perf will be low.
55:322217 WARNG: Modded driver unavailable. Performance will be low.
[       OK ] RpcClientKickTest.kick_st_full_response (212 ms)
[ RUN      ] RpcClientKickTest.kick_st_req_pkts
55:526546 WARNG: eRPC Nexus: Testing enabled. Perf will be low.
55:536092 WARNG: Modded driver unavailable. Performance will be low.
[       OK ] RpcClientKickTest.kick_st_req_pkts (214 ms)
[ RUN      ] RpcClientKickTest.kick_st_rfr_pkts
55:739505 WARNG: eRPC Nexus: Testing enabled. Perf will be low.
55:749274 WARNG: Modded driver unavailable. Performance will be low.
[       OK ] RpcClientKickTest.kick_st_rfr_pkts (47 ms)
[----------] 5 tests from RpcClientKickTest (905 ms total)

[----------] Global test environment tear-down
[==========] 5 tests from 1 test case ran. (905 ms total)
[  PASSED  ] 5 tests.
<end of output>
Test time =   0.91 sec
----------------------------------------------------------
Test Passed.
"rpc_kick_test" end time: Feb 13 16:24 GMT
"rpc_kick_test" time elapsed: 00:00:00
----------------------------------------------------------

End testing: Feb 13 16:24 GMT
